85
43
56
76
52
84
49
88
88
95
49
66
62
52
84
41
61
81
45
61
66
78
50
44
64
45
61
37
48
95
42
46
84
87
83
47
72
60
72
47
72
44
50
72
41
61
37
88
82
66
72
36
43
62
43
72
38
41
46
74
83
76
82
43
43
40
47
80
99
82
97
45
45
65
42
47
50
44
66
99
54
32
94
100
90
50
57
80
61
41
41
76
67
54
45
41
62
45
93
50
70
49
66
70
34
40
79
86
66
44
91
61
43
50
43
35
68
44
43
42
42
68
45
42
46
84
76
76
42
70
42
76
38
59
37
36
70
74
61
44
82
45
40
43
83
32
40
35
32
37
34
41
49
42
47
91
93
44
70
79
38
52
40
35
43
37
37
62
41
64
44
45
77
74
38
39
31
37
39
83
41
81
45
89
70
65
43
45
88
48
53
66
35
80
52
42
56
82
88
36
65
84
68
43
62
79
70
66
33
34
65
87
46
45
45
34
47
71
45
71
41
40
76
60
53
78
74
46
76
79
70
77
86
100
64
47
44
44
51
43
47
74
73
42
47
84
39
50
34
43
46
45
64
40
40
71
42
84
76
86
66
31
69
39
86
49
59
47
65
89
73
50
39
50
74
47
42
95
45
69
51
93
50
49
42
76
82
72
74
42
66
59
75
41
75
44
41
49
43
37
69
61
84
44
62
47
50
44
68
80
63
80
46
84
45
45
69
38
42
74
95
39
42
66
43
41
94
57
46
44
45
66
85
42
53
76
38
41
54
76
93
70
73
45
38
42
37
60
83
65
80
82
90
91
62
96
42
83
77
70
63
36
89
72
54
47
45
44
31
85
42
49
33
52
80
64
52
48
64
95
43
63
64
78
58
41
85
101
66
66
41
44
46
37
45
78
31
79
64
47
47
74
95
62
91
39
70
79
44
66
50
37
48
77
67
64
45
49
88
69
41
48
49
87
78
43
42
68
42
69
49
36
43
58
42
47
55
41
37
83
58
43
43
72
60
34
71
84
82
43
53
47
46
69
48
48
66
36
41
77
96
70
80
43
53
87
41
51
67
100
43
97
67
35
43
79
88
47
40
45
39
61
49
68
87
48
49
80
85
44
48
67
48
43
52
70
71
46
44
45
45
47
65
39
42
70
45
70
80
62
82
90
68
37
46
67
89
61
58
89
70
44
44
42
82
62
99
69
66
42
79
80
71
35
93
42
76
83
72
71
72
39
35
34
47
47
78
38
44
67
89
82
44
52
46
67
46
41
71
70
45
40
41
46
47
101
64
82
48
37
51
50
41
59
60
39
45
32
61
100
78
37
66
49
47
66
49
53
42
36
66
50
66
56
87
48
71
58
42
44
97
73
52
49
95
47
70
96
47
35
69
46
64
52
87
36
70
51
50
84
76
46
43
46
44
95
35
64
80
44
67
48
50
48
39
43
85
48
60
41
37
78
87
42
58
41
36
41
52
62
42
84
64
86
71
39
69
48
40
88
89
49
61
42
33
37
66
48
64
93
42
51
37
39
85
47
64
36
80
48
59
61
43
46
37
76
76
85
77
72
55
37
41
45
43
94
43
36
84
51
43
81
77
48
40
42
47
46
47
83
51
93
103
42
61
85
49
79
76
70
62
66
61
93
40
59
77
44
63
74
58
46
47
47
79
61
70
58
48
96
37
61
36
89
80
42
67
39
86
45
39
48
41
78
36
72
35
99
72
61
81
47
76
44
37
44
38
37
58
73
46
67
75
81
47
40
34
64
36
69
61
78
43
37
60
96
46
39
46
82
45
49
68
83
61
43
36
57
85
80
40
71
49
44
44
41
70
44
86
77
68
49
75
48
42
37
47
54
66
95
45
60
78
49
94
41
37
45
43
89
67
33
91
44
85
50
95
78
81
89
59
66
44
80
99
48
62
56
68
43
35
36
46
43
51
45
50
68
36
52
44
94
40
87
83
39
62
70
39
92
65
94
45
85
36
84
38
44
103
57
47
39
43
44
44
39
42
80
40
50
44
62
42
62
75
40
36
79
47
71
42
42
72
80
40
50
47
44
59
95
69
53
68
47
66
101
48
95
76
38
44
46
102
46
63
78
77
43
63
58
51
81
82
50
72
34
58
40
48
83
40
75
53
59
59
89
45
43
46
62
83
67
77
51
80
38
98
54
84
48
104
89
95
52
78
46
71
42
74
62
79
71
43
52
51
67
34
52
69
86
45
41
36
70
44
66
46
61
66
84
43
43
46
47
36
76
95
72
39
73
