0 0 0 0 2 1 4 3 1 1 5 6 4 2 2 5 5 2 5 1 2 2 5 3 3 4 5 5 0 1 0 5 6 5 3 3 4 0 3 1 2 3 5 1 6 3 4 3 3 1 5 2 3 1 0 2 3 1 3 3 1 1 3 2 3 2 4 3 9 3 4 6 2 1 1 2 2 1 4 4 3 4 4 2 6 1 5 5 5 4 2 4 3 5 4 4 1 2 4 2 5 1 1 2 1 1 0 0 0 
11 25
16 88
56 100
14 35
53 94
27 28
15 105
88 88
88 106
12 17
13 101
66 82
44 49
51 90
85 99
16 89
16 48
80 94
22 101
60 65
8 45
26 32
49 69
19 100
63 69
8 85
41 49
16 79
16 101
8 17
41 84
45 98
5 28
85 92
80 96
45 87
73 94
61 72
70 85
12 93
18 37
26 101
13 101
31 39
23 70
62 80
33 95
85 96
83 101
66 99
69 87
32 92
21 69
62 102
32 69
70 94
23 86
10 82
16 100
69 101
82 99
16 35
23 33
11 67
26 102
33 69
43 91
24 33
2 11
82 82
94 96
5 82
45 83
66 72
8 69
32 62
49 101
8 66
35 44
7 13
2 101
32 87
2 16
100 107
88 98
13 101
57 101
80 89
61 66
11 85
41 100
7 35
32 45
55 91
42 67
12 72
36 49
8 88
16 18
13 101
69 92
19 63
27 45
70 92
28 85
12 78
80 85
85 89
21 45
11 86
90 95
59 82
8 69
51 69
21 100
34 92
17 43
11 67
12 69
11 69
27 69
34 42
16 65
12 69
17 103
16 26
21 34
16 36
42 79
68 88
8 72
72 99
34 86
60 69
17 79
34 85
69 69
71 85
30 49
36 107
80 85
22 67
13 79
8 84
82 101
25 85
17 90
33 89
33 88
16 82
32 85
36 72
11 99
12 71
48 67
89 102
11 19
24 66
69 69
19 32
19 89
11 105
34 69
24 76
11 69
36 87
28 94
13 51
42 79
65 71
28 101
16 95
16 34
23 35
27 71
37 94
28 80
11 73
19 88
80 87
27 101
80 101
36 101
85 108
17 39
11 45
24 99
8 85
87 92
45 63
51 90
33 45
33 91
80 100
52 67
28 68
26 54
82 89
87 88
34 95
37 47
26 28
33 43
17 68
45 48
22 32
18 42
65 104
27 85
34 85
65 69
87 99
33 65
33 67
12 69
22 77
16 63
70 72
43 69
33 39
12 82
39 101
33 36
59 85
54 69
13 32
33 37
45 96
76 81
19 32
71 103
11 34
21 27
99 100
63 85
43 82
44 87
40 69
31 59
12 85
48 89
19 35
72 99
12 81
13 101
82 99
39 80
11 101
33 85
11 69
8 65
37 69
42 46
38 101
38 100
22 39
17 85
13 28
20 36
23 27
16 45
28 83
68 84
16 72
11 24
11 99
59 101
19 63
34 45
11 23
73 94
17 60
22 89
11 101
71 95
47 85
17 94
8 16
43 69
69 83
37 60
94 101
49 72
35 60
42 68
15 34
20 28
70 82
71 82
28 69
65 101
52 53
69 89
17 89
12 36
21 69
23 94
48 82
12 79
11 75
69 100
34 49
12 27
7 69
13 48
45 79
8 101
4 69
39 45
12 32
63 80
81 89
34 63
6 27
32 64
7 82
12 43
36 84
13 85
72 101
2 16
23 91
11 79
15 43
11 69
41 71
93 105
57 101
45 81
32 67
18 66
66 66
83 99
8 80
52 85
10 35
10 75
13 82
4 55
17 36
7 19
68 69
69 101
7 84
16 82
9 69
19 81
59 72
13 27
65 90
10 34
81 100
4 19
12 19
11 49
11 16
16 85
13 27
7 34
12 40
63 90
32 95
7 21
73 86
8 55
17 99
26 66
18 96
28 81
16 28
16 85
12 93
24 82
49 59
17 32
26 48
4 97
45 103
7 46
12 17
16 68
16 48
63 79
77 90
57 69
41 90
21 28
5 12
67 68
17 45
28 72
28 69
13 98
17 79
12 69
30 32
27 79
19 30
32 46
45 69
25 107
73 81
12 15
11 49
15 18
19 83
69 82
19 33
11 81
66 83
13 105
28 92
48 73
16 33
68 79
27 46
28 101
49 101
87 88
67 79
22 71
11 92
13 104
85 99
79 99
16 69
16 72
26 45
11 69
41 41
48 82
28 88
13 67
12 53
24 99
13 100
15 56
42 92
34 94
18 28
37 52
11 79
23 67
72 77
59 69
26 85
33 39
17 26
19 28
44 92
53 109
26 106
23 64
67 73
17 101
49 92
40 44
34 94
34 100
69 99
94 97
32 43
79 79
16 94
3 105
85 91
33 99
51 65
33 45
8 12
42 69
12 16
68 69
27 89
44 101
32 33
87 98
45 97
11 72
28 101
28 72
60 94
50 65
67 90
9 24
12 100
11 94
11 30
16 24
8 82
45 62
35 45
45 66
43 94
52 95
11 45
69 100
46 100
25 67
12 67
13 95
13 63
16 45
29 95
17 87
11 43
34 105
69 79
79 87
45 51
80 100
89 94
34 43
16 77
13 90
16 43
8 23
60 69
28 52
17 21
19 41
8 66
43 82
11 71
8 28
60 80
12 13
12 41
11 45
34 70
26 33
79 83
70 105
34 91
12 19
32 69
33 33
24 27
69 85
70 93
34 39
40 82
35 88
32 85
19 106
40 63
16 31
32 72
23 100
7 45
22 23
80 85
28 67
7 99
7 64
38 42
19 99
24 98
13 39
13 43
8 84
19 69
22 70
3 65
16 100
9 12
23 47
12 32
46 92
25 91
12 59
49 87
16 85
16 53
59 83
15 82
13 89
25 83
8 49
99 101
11 34
13 75
65 101
50 69
21 63
66 79
45 60
51 85
17 88
33 94
39 45
4 94
16 46
56 79
17 24
13 100
69 94
49 52
22 99
11 86
12 14
69 101
53 89
11 94
15 16
47 67
39 41
7 16
33 65
19 79
69 89
11 90
63 66
16 59
17 26
35 85
13 45
11 107
48 84
15 26
72 94
22 105
8 72
45 92
23 69
94 99
22 86
65 69
79 92
27 101
16 45
39 63
49 99
49 89
16 85
13 69
8 25
45 61
12 51
12 70
12 75
11 33
85 104
23 68
58 70
12 80
34 79
17 86
53 66
33 49
11 81
82 105
64 99
25 25
32 39
17 89
12 43
45 101
13 80
88 104
19 22
11 99
28 51
21 71
28 88
17 75
23 45
47 70
12 46
14 19
16 87
47 59
36 93
19 85
24 28
24 64
9 45
19 79
13 32
48 65
59 99
28 51
27 101
11 90
33 94
23 34
9 34
16 26
32 33
11 39
42 57
33 89
16 86
16 98
27 69
9 17
16 87
33 92
16 28
51 79
16 89
13 28
13 34
45 67
16 84
11 80
45 65
17 99
11 92
82 85
49 59
16 19
7 7
22 94
61 67
18 28
11 94
11 32
11 36
70 75
63 87
17 45
18 51
92 93
40 86
57 72
78 100
19 95
19 46
71 101
59 83
37 65
16 63
18 63
16 32
28 49
31 41
59 79
7 93
13 16
17 81
11 51
26 87
88 104
79 85
32 72
23 45
39 73
83 92
43 94
33 99
15 101
32 100
22 32
19 79
71 72
34 80
11 11
69 80
15 49
79 85
48 69
17 36
11 83
19 81
11 80
34 94
18 82
59 89
69 81
11 93
26 45
25 37
79 92
19 105
33 71
33 89
63 73
21 83
70 82
39 48
19 31
43 94
19 80
61 77
16 16
42 69
35 71
46 101
13 32
13 67
16 106
68 100
80 89
62 82
21 101
34 76
16 53
85 93
79 94
22 93
27 39
7 63
42 99
26 104
13 72
69 90
21 67
87 87
77 96
28 42
13 101
72 94
12 101
16 88
16 80
16 64
55 65
33 47
13 17
7 85
59 87
78 83
47 78
13 16
34 72
33 79
16 99
44 93
16 21
43 45
27 85
90 100
16 66
83 106
49 88
8 17
27 31
80 88
16 22
57 87
67 90
13 87
79 101
9 13
11 99
39 49
27 53
67 69
36 72
32 76
23 79
45 72
13 69
36 59
12 65
49 72
67 80
35 76
11 57
19 100
12 19
25 95
16 25
11 28
22 90
12 49
27 39
12 72
18 19
11 47
8 19
33 65
7 26
26 90
84 94
7 73
7 85
5 8
57 59
45 85
35 72
32 101
23 101
28 103
40 77
8 80
11 32
22 72
32 60
12 69
33 51
32 71
47 49
69 103
13 82
22 82
80 102
42 63
69 98
28 101
8 79
69 101
19 32
39 78
49 88
43 101
12 91
57 59
94 95
16 41
16 57
45 45
17 99
28 45
7 8
49 109
11 19
76 101
36 76
12 80
33 64
1 11
33 64
63 101
32 34
76 97
23 96
33 51
58 101
13 108
79 94
81 109
12 104
69 89
35 93
23 51
41 101
28 63
12 28
24 95
75 90
28 59
59 89
12 52
22 22
32 69
14 69
23 104
13 49
11 27
16 45
20 34
51 66
23 32
26 95
12 13
51 79
16 26
45 62
1 8
12 20
94 95
25 59
16 32
16 99
69 75
13 72
13 36
8 49
17 33
69 101
28 101
45 57
51 101
7 42
35 82
16 58
19 43
13 27
11 90
16 86
37 89
69 100
43 72
65 101
34 67
33 48
12 44
11 26
28 66
34 101
12 69
45 101
34 92
76 97
11 17
21 39
23 72
69 101
