11686
11291
4063
7721
5845
15582
13791
11359
11815
9838
15277
15476
10025
13681
5884
6011
11614
6442
15960
13773
5402
15476
16008
11810
19554
9868
9811
11790
15992
13769
15776
11697
10253
15726
11869
12230
1997
15490
13947
17473
15644
9714
17471
11634
9294
21551
17371
7873
3981
15632
9710
6417
19918
15776
2556
7828
11802
11680
9927
17487
6127
9846
8429
3851
6261
23342
8437
13692
13813
15636
4024
15996
15390
8098
11711
13747
13997
11816
13877
11893
9813
11792
9793
13684
9704
21347
10409
13947
11778
5374
13967
15938
13779
9695
10247
13684
11677
3
15586
13803
9898
14007
11829
17991
7923
5870
10380
6538
3981
9836
5986
9822
7879
19710
21379
6011
13677
11766
5970
17383
13609
12028
13889
11782
12375
4441
15584
11893
13788
11699
5380
8060
13650
19984
17721
9362
9801
4475
5420
9872
9803
9824
17921
13417
9924
3993
5850
19624
17638
21351
21345
11630
7937
15482
6019
7954
15821
8098
15800
12375
11889
7833
13785
9943
13789
11792
13679
11843
15756
14005
7861
1984
3993
10007
10085
7897
15388
10522
7847
9838
11794
7883
333
11843
3447
6019
11790
15644
9310
9858
11793
7973
11950
3423
3945
17804
7820
13354
10036
11303
11831
2451
9807
9769
5420
4024
9336
7851
7869
13834
9832
13963
11812
9880
7911
5940
9688
13869
7967
17357
3925
6095
7871
7847
9755
7825
9880
8449
13731
9825
6436
8455
4467
8256
5978
8250
13919
13745
12222
6546
7709
10036
17391
8088
7845
4450
7873
13787
15586
15580
11819
17579
11818
11843
16002
17857
2019
13280
9710
15478
10115
7871
7911
12421
11766
9824
14219
13759
15962
9523
13358
13651
13743
6066
21341
10424
7924
10085
5872
12010
4075
9983
9360
11790
9777
15679
1996
5964
9941
4020
7847
11679
9935
7818
10015
2330
15938
10384
9795
2330
7719
11792
17727
13862
13761
2453
9793
8439
8414
8250
7857
8443
7369
2449
7691
15618
9914
7873
11938
11784
11520
13838
7837
15738
7891
13813
10034
14025
15722
15960
8416
11508
5976
7784
6101
9892
13834
8092
9896
11701
13623
11819
13779
13763
5830
9821
11808
7815
19388
9687
7719
15580
11618
13599
6419
13745
13799
9828
17387
5872
5957
5834
11843
15492
9868
13479
15396
13599
13286
12375
13919
5876
19354
9668
10115
3975
11816
2451
11806
5922
6015
7857
6436
9846
7839
6458
13599
13902
11792
11818
13700
7341
13700
7938
7871
7915
21551
11865
13665
11922
14025
19384
21707
9688
17393
10247
10229
9382
7820
5964
7804
1450
15482
11839
15653
7792
6546
13625
9799
5900
11847
5850
13889
9846
9366
11911
4450
6438
10233
9866
587
11650
13814
9306
11810
9702
11796
7369
9806
11668
12020
15776
15570
7828
6452
7901
12000
11361
15648
13639
11789
12031
7869
4020
13583
6417
7839
7375
4093
17409
11825
13282
7939
11691
11880
8414
9785
11892
9868
8405
8012
7867
4018
13818
7871
13834
15807
7946
9795
15823
11822
5344
9914
13656
4095
11774
11841
7897
3385
17676
9663
15994
8439
17581
14372
7901
13735
11656
4014
7827
13884
11803
9797
34
4069
7969
19388
5886
11788
12028
7838
7399
6548
17857
9921
9826
11711
9372
3967
2027
9310
9818
11815
13824
2031
13613
14219
11817
17471
19382
5388
18005
9886
17615
6464
3447
9821
9370
8098
19918
7654
8407
2451
11843
13646
11837
15760
4553
9807
15821
11801
14017
11602
9789
13877
9896
13997
13799
4553
11772
15938
3405
6066
6410
107
12028
4446
7849
13906
11794
11303
15960
6446
6101
8250
19718
13937
15386
11357
12030
19554
13786
13769
6050
15622
13674
11750
9808
17383
5918
11911
4106
11790
13999
13834
7887
9796
11772
8455
13765
9898
7915
17723
9791
8433
14017
13639
15478
11905
5848
6255
17579
3945
5928
6017
4449
9801
9818
6063
9835
10434
13393
23334
4022
10055
9850
6446
11689
5914
2078
9795
7847
9835
13786
7385
8437
7713
4424
5972
17559
15351
5944
11365
17391
15641
9830
6538
11682
5852
15648
13485
15681
11843
4022
11656
11711
9799
16002
12010
9897
4016
11654
15374
23334
7883
6015
9876
11492
15992
4014
11772
9364
17627
15730
7857
13965
7927
13647
15960
9842
4016
11746
7313
6442
9920
11653
11766
9828
11682
13677
13648
9704
12010
9888
11790
5986
9936
4549
14007
8078
13589
5374
15586
12429
9866
17359
9698
11361
11821
11602
9799
15658
5382
17757
5876
3981
7814
13999
7802
11748
11843
11770
13941
4541
11821
5870
15796
13661
3875
11684
13818
11837
11911
9838
3989
11361
15490
9364
13679
15374
7369
9921
11661
9639
4450
8433
15860
13945
14013
15474
21337
8058
12000
6446
9687
17987
13686
13862
11695
9812
11699
8414
5890
17581
14001
13589
8455
7373
10075
9868
11803
2215
9793
11812
13826
17385
13769
11678
3981
8238
9815
7842
13599
13995
13828
11827
2025
9868
10033
13481
9822
12002
11289
10115
9366
218
7339
11782
7341
10247
5730
7698
8525
11883
11285
11291
19354
3993
11970
9815
9966
17771
11776
454
11520
13799
13631
4551
5860
11922
9892
9815
13803
15774
19350
7887
9682
11742
13651
9689
5876
15926
9688
3891
6419
11791
11818
9799
13789
10432
8387
11630
11444
8414
10384
11802
11792
4020
5843
7830
9366
12012
9935
9866
2584
13967
11792
9943
17921
9781
7840
2000
5922
13741
12030
7857
8039
6101
9714
9935
4450
11616
13665
15658
8118
13356
11684
13838
11772
15835
17857
8449
17715
5974
6253
7897
9700
9806
15758
19344
15412
13495
9910
9714
8416
7371
12004
3981
11970
15942
10033
7798
8412
11819
7895
21341
8433
7917
7847
11829
6417
15645
11711
9812
9621
9695
7727
11825
2098
13947
8028
4075
11701
10402
5402
6532
9366
8042
7826
13963
15351
14025
11887
7871
9817
9366
7873
9773
5942
13627
10378
8012
9842
13822
9821
11909
11808
6066
12012
9825
11800
7715
9647
10384
14009
4270
8258
5900
2023
13812
15606
15584
5825
7823
9811
7365
9830
15474
13798
10434
10522
9372
9368
13358
11788
14007
9695
13692
6472
9846
9681
17487
17991
11642
9866
15998
7841
11892
1996
7811
11703
6090
11804
4459
7897
11520
2480
15756
11593
14355
10021
2151
7892
10097
11661
14115
12138
15579
13780
8329
3993
8184
18301
9918
8742
14264
12077
5704
13780
14312
8116
11864
12168
6117
10094
14296
10075
12082
13997
8557
14030
14169
10534
18283
13794
12251
15777
7954
12014
15775
3944
9596
13861
15675
10173
18269
7942
12010
4721
18222
12082
4856
4134
8108
3990
6233
15791
4431
12146
10729
6151
4565
21646
10737
15992
10119
7946
16314
14300
13694
6402
14011
12051
12301
8122
10183
14193
6119
8098
8097
15984
12004
19651
8713
12251
10082
5676
12271
14242
10085
2005
8551
15984
13977
14291
13890
8111
12198
12311
14129
16295
10223
8170
12680
8838
18269
12136
8286
12122
10179
18014
19683
18301
5987
8072
20258
15687
11913
10332
10195
10086
14675
6741
13888
14193
16088
13999
5682
6364
15950
18288
16025
9664
6107
6775
5722
12172
6109
12124
16225
11721
12224
18281
8150
11934
19938
19655
19649
3940
10237
13786
2325
4260
18121
6402
10108
14675
14189
10133
10091
6249
10095
8098
5989
14143
12062
12309
10161
16272
6293
8311
8389
10197
13692
12822
10147
12138
8100
10183
6629
14143
3749
2325
10094
7954
9612
12158
14093
10273
10254
3725
6245
20104
4126
13656
20328
11605
14131
6749
6113
8073
5722
16314
9638
10151
10169
16134
12132
12267
6120
12180
10211
8240
11988
10175
22255
15661
6225
4399
10171
10147
8059
10125
12180
10749
12035
6131
8736
10755
6767
6560
8278
6554
10225
12049
10526
8846
10009
20328
15695
6392
10145
2754
10173
10093
13890
7890
14119
9889
8124
14143
14306
14163
14309
13582
12010
13782
8419
10171
10211
14721
10070
12124
12523
10065
14266
7827
13660
5961
12047
16358
19645
12724
4230
8389
8172
10314
14367
8287
9662
8096
6083
17979
4296
8264
6247
16310
10147
13979
6241
6122
8319
8626
14242
12684
6101
8626
10019
8098
16031
16162
12065
757
6099
10739
6718
6554
10157
10743
7671
6747
9991
7928
12214
10173
8244
8090
9824
16138
10137
14042
10191
10119
20326
12329
14026
14264
6720
9812
8276
6088
4405
12192
16134
6396
12196
14001
5933
14119
10085
10069
8130
6127
6116
10115
17692
1997
10019
7890
9922
5909
4723
12049
10105
12128
15691
8172
2263
8134
14143
13796
12168
11783
13700
11903
13588
14675
10225
8176
17658
11968
8419
18263
8122
6749
6114
8222
18305
10157
8736
12146
10139
8758
11903
16202
8098
8124
16000
7643
16000
4244
10171
10215
13861
14165
5975
8228
12329
17688
20011
11988
15697
8551
8533
9684
6124
8264
4110
1752
13786
14139
17953
6096
8846
5935
6105
8200
14147
8150
10195
12146
9668
14211
2754
8738
8537
12166
2887
3960
16114
9608
8116
12002
8102
7671
12106
3978
10324
12082
7880
2136
8752
10201
10304
11663
7958
5949
14089
22323
10169
16310
5893
4721
10139
7677
14385
15713
14125
13584
10239
13991
8186
6718
8089
8198
12168
10705
4318
10167
16308
16118
10171
16134
18107
4252
6101
18123
8128
5646
12214
15956
14387
8080
14141
10197
3687
19976
1973
14298
10739
9891
16672
10201
12039
3966
16304
10127
16184
14103
6103
12324
14361
10269
17692
8186
8094
10332
4144
7701
8848
14163
6227
12126
14011
9674
6267
14317
9612
12118
14115
16124
14321
11917
12523
14117
15775
17686
5690
16309
12186
9925
8764
3749
6127
9672
6402
18222
5958
10707
6749
14143
15946
14137
14064
6853
6113
18121
14101
12321
9906
8093
10183
12196
12301
8107
6853
8078
14242
3707
16358
8710
10399
10332
8744
10149
16206
8100
11605
14264
8746
4405
6554
18022
12241
13690
11659
10334
11864
16086
10075
16342
7932
15974
10054
12108
15687
8218
14211
2410
8096
12303
16134
10187
12096
8078
10755
12069
12198
10215
16027
6097
10733
12321
11943
13782
14205
8148
4559
9889
6245
8228
18307
6749
6107
12118
4367
6141
12734
11697
21638
328
8359
12150
8746
13989
8214
12370
6101
10147
6141
16086
7687
10737
10013
2728
20260
9869
15653
8244
11667
15695
17941
12130
8838
3992
8152
7958
11789
17981
14143
16312
3966
14011
6105
14306
10314
6203
16306
3964
13678
21638
10183
2321
12176
9796
14296
16304
10076
9666
9937
14034
10157
12269
10227
5957
14264
12142
16306
10050
7615
8742
12220
13953
10070
12128
3992
5987
15948
12004
10314
12188
8096
8286
12236
6849
12311
6382
11893
5676
13890
14729
12166
15663
11998
11663
14121
3912
6105
7968
5684
16061
8176
18269
4120
12303
4108
10052
14143
10074
12245
6841
14121
8170
10104
5971
6175
1996
16118
14137
14211
12138
6289
11663
13794
9666
5989
13678
7671
6227
13961
1949
2754
10733
12166
12249
12317
13778
19641
6362
10304
8746
1997
16291
15986
16162
13995
12112
13999
6718
8190
15885
12305
5899
10755
7675
8379
12168
14103
10509
8097
6120
16126
15689
10075
3988
18269
6542
4123
4148
5909
12299
16128
14127
14315
12168
8337
11785
12122
10306
11591
8419
9668
8512
7641
10086
7643
8551
8030
8
10825
14183
11587
11593
17658
18281
10274
8119
12266
14077
10080
4752
9824
10105
5941
6851
8160
8228
12192
8119
8111
12080
17654
10187
11982
10046
5961
1
8176
14230
11988
6191
4723
14091
8124
6105
10095
12732
10687
3940
9748
6718
12684
8108
8098
16310
151
4136
9668
10316
6241
12166
4884
12271
8098
6249
16225
8085
2148
16288
8222
12045
10334
10157
18331
4405
12014
6241
2754
9920
5975
7968
6422
13658
3994
16138
8078
18135
14163
10749
16019
8274
4557
10197
12000
12106
14062
17648
13716
11799
12210
12014
6720
7673
10308
6281
10274
14246
8337
6102
6716
14119
10195
19645
10733
10217
10147
14129
4721
17945
14011
12112
7925
2005
10027
14125
12390
12251
6332
14367
14001
12702
5704
8832
9668
6346
2134
12267
15653
12329
14187
10171
8121
9668
10173
8077
8242
5937
12678
4318
12142
16122
6127
14209
6116
16358
10316
6131
8106
10015
7951
12684
12313
2574
6562
8200
14313
16112
13910
7894
4129
10123
4119
7667
12130
13778
16098
12734
12822
9674
9670
13660
8094
12311
2005
15992
8772
12146
1991
15791
16295
9946
12166
14302
10141
8198
16284
10111
14003
16382
6112
6759
10197
9824
4780
12062
12752
8418
4544
14281
12490
10058
12512
10535
5984
14175
8724
12380
6581
16698
10313
7139
14659
12472
4101
14175
14707
10509
18253
10565
8510
10489
14691
12468
14475
12394
8952
14425
12566
10929
16680
14189
12646
16172
14343
10411
16170
10333
1
20250
16070
8570
16666
14331
10407
5116
18617
14475
3253
6527
10501
10379
8626
16186
4826
10543
9126
4548
4960
22041
9134
14389
12512
14335
14711
14695
14089
6797
12408
12446
12696
10515
12576
12590
8512
10491
8492
14381
10401
20046
9108
12646
10477
2075
12666
14637
12478
8394
8946
14381
12374
12688
14285
12502
10595
12706
12526
16690
8620
6567
11077
7235
16666
10533
6683
10519
8576
18409
20078
16698
12376
10465
18655
16082
12308
10727
12588
10481
13072
5138
14283
12590
14485
12396
4079
6759
14347
18683
16420
6063
8500
5172
4119
10569
8502
10521
16620
12116
10621
16678
6547
18323
18335
20050
20044
10329
8634
14181
4718
6653
16518
6797
14499
13072
12586
8530
12484
8642
12488
10491
12378
12540
14455
12704
8558
14669
4690
8706
8784
8594
14087
11219
8544
10535
10493
8580
5026
12540
2146
4718
10489
14343
2015
10555
12490
8670
10649
2122
4642
18501
6519
12053
18725
4008
12528
5146
8506
8468
4119
14711
4039
8548
8566
14531
10529
12662
10511
10577
8608
6637
10385
12568
20652
16056
4622
4794
8568
8544
8454
8522
10577
9146
12430
8524
7133
9152
5164
6955
6675
6949
12618
12444
10921
7243
8406
18725
16090
6787
8542
3149
8570
12486
14285
14279
12516
16278
10517
12540
14701
16556
12706
3987
10407
14177
8814
8568
8608
13118
10465
10521
12918
12458
14661
8222
12057
12350
12442
14755
20040
11121
6623
8784
6569
10709
12764
8682
6061
10489
8476
16376
2693
6661
8640
14707
8544
12376
8634
6517
8714
7023
14637
11081
8494
7023
8416
10491
16426
14559
12460
1152
8492
9136
7113
6949
8554
9140
6068
5144
8388
14317
10611
8570
10637
10483
10219
14535
8534
14437
8588
12512
18723
12724
14421
14659
7115
10207
6673
6483
4800
10589
14531
6791
10593
12398
12322
12516
12478
12462
6527
8520
10507
8512
18087
8386
8416
14279
10317
12298
5118
12444
12498
10525
16086
6569
4656
6531
12540
14191
10565
12178
14095
12298
3993
13072
12618
6573
18053
10365
8814
16660
10515
5146
10505
6619
16702
8554
7133
10543
8536
7155
12298
14599
10491
10517
14397
2044
14397
6637
8568
8612
20250
12562
12364
10621
12724
18083
20406
10385
16092
8946
8928
8081
6519
6661
6503
149
14181
12536
16350
6491
7243
12324
8498
6597
12544
6547
12588
10543
6067
12608
3149
7135
8932
10563
1284
10349
14511
2011
10509
10399
10495
4070
10503
10367
10719
14475
14269
6527
7149
8598
10699
10060
14347
12338
12486
20720
8566
14707
12282
5116
8536
6074
12782
16108
12522
3989
8636
12388
10579
7113
8484
10591
10565
9102
6711
8564
14705
14515
8568
14531
16504
6645
8494
16520
10521
47
10611
14353
12784
10473
12538
8594
86
18373
8362
14693
9136
16280
15069
8598
12434
10355
14701
8524
14581
12500
8496
10721
12758
8666
18087
6583
10487
10727
6537
6098
7245
16556
8620
10523
12408
8071
4664
12714
2015
10515
12512
14521
12718
12312
12918
12514
16170
18081
4087
16704
10583
16314
7161
2146
8520
8069
6797
18617
6353
9104
5146
12540
14343
12534
14459
5250
8506
16518
12498
12716
10301
8488
12576
10593
12696
12498
5250
10471
14637
2104
14755
7107
8796
10727
7141
8546
14603
10493
4008
14659
7143
4800
6949
18417
12636
14085
8058
10729
18253
14483
12468
14739
14321
14371
10449
10505
16082
6615
12608
2805
10489
12698
14531
8584
10493
10471
9152
12464
10595
8612
16422
8490
9130
12716
12338
14177
12602
6545
4954
16278
4642
6625
16704
5146
8500
10515
4762
8534
11131
12092
22033
2721
8754
10547
7143
12386
6611
10767
8494
8544
8534
14483
6084
9134
8410
3123
18657
16258
14050
6641
10064
16090
16338
10527
7235
10381
6549
14347
12184
16378
12540
14709
10355
12408
8498
14701
10709
8596
14703
10353
14073
22033
8580
4714
10573
10191
14691
14701
10471
8063
16326
14429
8554
12664
8624
12346
14659
10539
14703
10445
18
7139
10617
12350
10465
10525
10381
12376
14345
10401
10709
10585
10489
6683
10633
5246
12706
6777
12288
2075
14285
13126
10563
16058
10395
10060
12518
10301
8498
14357
2083
16456
6573
16666
6513
12698
6501
10447
12540
10469
12640
5238
12518
6567
14495
12360
4572
10383
14515
12534
12608
10535
4686
10060
14189
8063
12378
14073
4070
8620
12358
8338
3149
9130
14559
12644
12712
14173
20036
6757
10699
7143
8386
16686
14383
14559
12392
10509
12396
7113
6587
16280
12700
12288
9152
6072
8774
10565
12500
8906
8492
10511
14523
16084
12468
10377
16666
6937
8514
6541
12298
12694
14525
12524
12712
10565
8732
12180
10519
10701
1996
8814
8065
6909
2042
10481
2044
8946
6427
6397
9222
12580
1992
1998
18053
16678
10669
8514
10663
16470
10475
3149
10219
12498
12330
5248
6557
10621
10589
8514
12502
14473
18049
8584
10379
10441
12350
8388
6573
14625
10385
4588
5118
12488
10517
8498
12488
11129
9084
10329
10143
7113
11081
10501
10491
14707
4542
6529
8065
10711
8634
10563
3281
12666
10491
8642
16620
8480
6539
14685
6619
12440
10729
8554
16728
4800
10411
8634
3149
10315
12364
14357
6817
12055
10383
14535
10471
16532
16556
9146
16414
6671
4952
8594
10397
10503
14457
18043
14111
12194
10607
10411
7115
6070
10703
4678
10669
14641
8732
6497
7111
12516
8592
20040
9130
8614
8544
12526
5116
16342
12408
10509
8320
8394
8424
12522
10787
12646
6727
12764
12398
11099
4101
7229
6067
6741
6525
12662
14050
12724
12584
8568
8516
8065
8570
8472
6639
12326
11075
6711
10539
14519
8520
12606
10507
14755
10711
8524
10499
8412
8346
11081
12708
2969
6957
6597
12710
14509
14305
14283
4524
8520
8510
4066
10527
14173
14495
11131
11219
8071
8067
12057
10487
12706
8394
14389
7169
10543
8380
16186
16690
10341
10563
14697
8538
10591
14681
8508
12400
14779
10503
5156
8594
10219
3177
14455
7654
5778
15515
13724
11292
11748
9771
15210
15409
9958
13614
5817
7942
11547
6375
15893
13706
5335
15409
15941
11743
19487
9801
9744
11723
15925
13702
15709
11630
10186
15659
11802
12163
7924
15423
13880
17406
15577
9647
17404
11567
9227
21484
17304
7806
7910
15565
9643
6350
19851
15709
2489
7761
11735
11613
9860
17420
6060
9779
8362
3784
6194
23275
8370
13625
13746
15569
5955
15929
15323
8031
11644
13680
13930
11749
13810
11826
9746
11725
9726
13617
9637
21280
10342
13880
11711
5307
13900
15871
13712
9628
10180
13617
11610
3932
15519
13736
9831
13940
11762
17924
7856
5803
10313
6471
7910
9769
5919
9755
7812
19643
21312
7942
13610
11699
9899
17316
13542
11961
13822
11715
12308
4374
15517
11826
13721
11632
5313
7993
13583
19917
17654
9295
9734
4408
5353
9805
9736
9757
17854
13350
9857
7922
5783
19557
17571
21284
21278
11563
7870
15415
5952
7887
15754
8031
15733
12308
11822
7766
13718
9876
13722
11725
13612
11776
15689
13938
7794
5913
3926
9940
10018
7830
15321
10455
7780
9771
11727
7816
266
11776
3380
5952
11723
15577
9243
9791
11726
7906
11883
3356
3878
17737
7753
13287
5973
11236
11764
2384
9740
9702
5353
5955
9269
7784
7802
13767
9765
13896
11745
9813
7844
5873
9621
13802
11896
17290
3858
6028
7804
7780
9688
7758
9813
8382
13664
9758
6369
8388
4400
8189
5911
8183
13852
13678
12155
6479
7642
5973
17324
8021
7778
4383
7806
13720
15519
15513
11752
17512
11751
11776
15935
17790
3950
13213
9643
15411
10048
7804
7844
12354
11699
9757
14152
13692
15895
9456
13291
13584
13676
4001
21274
10357
7857
10018
5805
11943
2010
9916
9293
11723
9710
15612
1929
5897
9874
5951
7780
11612
9868
7751
9948
2263
15871
10317
9728
2263
7652
11725
17660
13795
13694
2386
9726
8372
8347
8183
7790
8376
7302
2382
7624
15551
9847
7806
11871
11717
11453
13771
7770
15671
7824
13746
5971
13958
15655
15893
8349
11441
5909
7717
6034
9825
13767
8025
9829
11634
13556
11752
13712
13696
5763
9754
11741
7748
19321
9620
7652
15513
11551
13532
6352
13678
13732
9761
17320
5805
5890
5767
11776
15425
9801
13412
15329
13532
13219
12308
13852
5809
19287
9601
10048
7904
11749
2384
11739
5855
7946
7790
6369
9779
7772
6391
13532
13835
11725
11751
13633
7274
13633
7871
7804
7848
21484
11798
13598
11855
13958
19317
21640
9621
17326
10180
10162
9315
7753
5897
7737
1383
15415
11772
15586
7725
6479
13558
9732
5833
11780
5783
13822
9779
9299
11844
4383
6371
10166
9799
520
11583
13747
9239
11743
9635
11729
7302
9739
11601
11953
15709
15503
7761
6385
7834
11933
11294
15581
13572
11722
7968
7802
5951
13516
6350
7772
7308
4026
17342
11758
13215
7872
11624
11813
8347
9718
11825
9801
8338
7945
7800
5949
13751
7804
13767
15740
7879
9728
15756
11755
5277
9847
13589
4028
11707
11774
7830
3318
17609
9596
15927
8372
17514
14305
7834
13668
11589
5945
7760
13817
11736
9730
1965
2004
7902
19321
5819
11721
11961
7771
7332
6481
17790
9854
9759
11644
9305
3900
3958
9243
9751
11748
13757
3962
13546
14152
11750
17404
19315
5321
17938
9819
17548
6397
3380
9754
9303
8031
19851
7587
8340
2384
11776
13579
11770
15693
4486
9740
15754
11734
13950
11535
9722
13810
9829
13930
13732
4486
11705
15871
3338
4001
6343
40
11961
4379
7782
13839
11727
11236
15893
6379
6034
8183
19651
13870
15319
11290
11963
19487
13719
13702
1987
15555
13607
11683
9741
17316
5851
11844
4039
11723
13932
13767
7820
9729
11705
8388
13698
9831
7848
17656
9724
8366
13950
13572
15411
11838
5781
6188
17512
3878
5861
7948
4382
9734
9751
5996
9768
10367
13326
23267
3955
9988
9783
6379
11622
5847
13
9728
7780
9768
13719
7318
8370
7646
4357
9901
17492
15284
5877
11298
17324
15574
9763
6471
11615
5785
15581
13418
15614
11776
5953
11589
11644
9732
15935
11943
9830
5947
11587
15307
23267
7816
5948
9809
11425
15925
5945
11705
9297
17560
15663
7790
13898
7860
13580
15893
9775
5947
11679
7246
6375
9853
11586
11699
9761
11615
13610
13581
9637
11943
9821
11723
5919
9869
4482
13940
8011
13522
5307
15519
12362
9799
17292
9631
11294
11754
11535
9732
15591
5315
17690
5809
7910
7747
13932
7735
11681
11776
11703
13874
4474
11754
5803
15729
13594
3808
11617
13751
11770
11844
9771
3922
11294
15423
9297
13612
15307
7302
9854
11594
9572
4383
8366
15793
13878
13946
15407
21270
7991
11933
6379
9620
17920
13619
13795
11628
9745
11632
8347
5823
17514
13934
13522
8388
7306
10008
9801
11736
2148
9726
11745
13759
17318
13702
11611
7910
8171
9748
7775
13532
13928
13761
11760
3956
9801
9966
13414
9755
11935
11222
10048
9299
151
7272
11715
7274
10180
5663
7631
8458
11816
11218
11224
19287
7922
11903
9748
9899
17704
11709
387
11453
13732
13564
4484
5793
11855
9825
9748
13736
15707
19283
7820
9615
11675
13584
9622
5809
15859
9621
3824
6352
11724
11751
9732
13722
10365
8320
11563
11377
8347
10317
11735
11725
5951
5776
7763
9299
11945
9868
9799
2517
13900
11725
9876
17854
9714
7773
5929
5855
13674
11963
7790
3976
6034
9647
9868
4383
11549
13598
15591
8051
13289
11617
13771
11705
15768
17790
8382
17648
5907
6186
7830
9633
9739
15691
19277
15345
13428
9843
9647
8349
7304
11937
3914
11903
15875
9966
7731
8345
11752
7828
21274
8366
7850
7780
11762
6350
15578
11644
9745
9554
9628
7660
11758
2031
13880
7961
2010
11634
10335
5335
6465
9299
7975
7759
13896
15284
13958
11820
7804
9750
9299
7806
9706
5875
13560
10311
7945
9775
13755
9754
11842
11741
4001
11945
9758
11733
7648
9580
10317
13942
4203
8191
5833
3954
13745
15539
15517
5758
7756
9744
7298
9763
15407
13731
10367
10455
9305
9301
13291
11721
13940
9628
13625
6405
9779
9614
17420
17924
11575
9799
15931
7774
11825
5925
7744
11636
6023
11737
4392
7830
11453
2413
15689
6116
15853
14062
11630
10088
8111
15548
15747
10296
13952
4157
16272
11885
6713
16231
14044
5673
15747
16279
12081
19825
8141
10082
12061
16263
14040
16047
5974
10524
15997
10142
12501
16254
15761
14218
17744
15915
1993
17742
11905
9565
21822
17642
6146
16240
15903
3987
6688
20189
16047
2827
8099
12073
11951
10198
17758
6398
8119
8700
126
6532
23613
8708
7969
14084
15907
14285
16267
15661
8369
5988
14018
14268
12087
14148
10166
10084
12063
10064
7961
3981
21618
10680
14218
12049
5645
14238
16209
14050
9966
10518
7961
5954
12262
15857
14074
8171
14278
10102
18262
6196
4143
10651
6809
16240
8109
4259
6097
6152
19981
21650
16272
13948
12037
18229
17654
13880
12299
14160
12053
12646
4712
15855
10166
12061
5976
5651
8331
7927
20255
17992
9633
10072
4746
5691
8145
10074
8097
18192
13688
8197
16252
4123
19895
11915
21622
21616
11901
6210
15753
6290
8225
14094
8369
16071
12646
10162
6106
14056
10214
14060
12063
13950
10116
16027
14276
6134
14243
2266
10278
10356
6170
15659
10793
6120
8111
12065
6156
4600
10116
3718
6290
12061
15915
9581
8131
10066
6246
12221
3694
2218
16077
8091
13625
18299
11574
10104
4720
10078
10040
5691
14285
9607
6124
6142
12107
8105
14234
12083
8153
6184
4213
3965
14140
20226
17628
2198
6366
6144
6120
10026
4100
8153
8720
14002
10096
6707
8726
4738
8527
4251
8521
14190
14016
12493
6817
1986
18299
17662
8359
6118
4721
6146
14058
15857
15851
10092
17850
12089
10116
16273
18128
12280
13551
3987
15749
10386
6144
6184
12692
12037
8097
14490
14030
16233
9794
13629
13922
14014
14329
21612
10695
8195
10356
4145
12281
12338
10254
9631
12061
10048
9956
269
4237
10212
14281
6120
5956
10206
8089
10286
6597
16209
10655
10066
6597
1996
12063
17998
12135
14032
2724
10064
8710
8685
8521
6130
8714
7640
4718
1968
15889
8187
6146
12209
12055
11791
12111
6110
16009
6164
14084
18297
14296
15993
16231
8687
11779
4249
8055
6372
8165
12107
8363
8169
5978
13894
10092
14050
14034
2105
10092
12079
4090
19659
9958
1996
15851
11889
13870
6690
14016
14070
8101
17658
4145
6228
4107
10116
15763
8141
13750
15667
13870
13557
12646
14190
4149
19625
3945
10386
16234
12087
4720
12077
4195
16276
6130
6707
8119
6112
6729
13870
12175
12063
12089
7977
7612
7977
8209
6144
6188
21822
10138
13936
12193
14296
19655
21978
3965
17664
10518
10500
9653
8091
4237
8075
1721
15753
10112
9930
8063
6817
13896
10070
4173
10120
4123
14160
8119
9637
10184
4721
6709
10504
8139
858
11921
12087
9577
12081
3979
12067
7640
6081
11939
12291
16047
15841
8099
6723
6174
12271
11632
15919
13910
10062
20294
6142
14281
13854
6688
6112
7646
12356
17680
10098
13553
6212
5968
12151
8685
10056
12163
8141
8676
8283
6140
14279
12091
6144
12107
14080
8217
10066
14096
12093
5615
8187
7933
12358
12045
10114
6170
3656
11953
9934
16265
8710
17852
14643
6174
14006
11927
14275
6100
12157
8078
10068
10295
12332
6242
19659
4159
12059
12299
8109
7670
6819
18128
10192
8099
3990
9643
2240
12288
9581
8091
10088
12097
12292
13884
14490
10090
17742
19653
5659
18276
8159
17886
6735
3718
10092
9641
8369
20189
7925
8678
4720
10116
7923
10110
16031
4824
10078
14094
8076
14288
11873
10060
14148
8169
14268
14070
4824
12043
16209
3676
14329
6681
8370
12299
6715
6122
12179
12065
11574
16231
6717
6372
8521
19989
14208
15657
11628
12301
19825
12059
14040
14313
15893
7951
12021
8081
17654
4191
10184
4377
12061
14270
12107
6160
8069
12043
8726
14036
8171
6188
17994
10062
8704
14288
13910
15749
10178
2123
6526
17850
2218
4201
16278
4720
10072
8091
6334
10106
10705
13664
23605
4293
10326
8123
6717
5966
4187
10341
10066
6120
10106
12059
7656
8708
1990
4695
18231
17830
15622
4217
11636
17662
9918
8103
6809
11953
4125
15919
13756
9958
10116
14283
11927
3990
10070
16273
12281
10168
14277
11925
15645
23605
6156
6286
8149
11763
16263
14275
12043
9635
17898
16001
6130
14236
6200
13918
16231
8115
14277
12017
7584
6713
8193
5930
12037
8101
11953
13948
7925
3981
12281
8161
12061
4259
8209
4820
14278
8349
13860
5645
15857
12700
8139
17630
3975
11632
10094
11873
10070
15929
5653
18028
4149
16240
8085
14270
8073
12019
10116
12041
14212
4812
10094
4143
16067
13932
2148
11955
12091
10110
10184
8111
2262
11632
15761
9635
13950
15645
7640
10192
5938
9910
4721
8704
16131
14216
14284
15745
21608
8329
12271
6717
9958
18258
7963
12135
5972
6087
5976
8685
4163
17852
14272
13860
8726
7644
10346
8141
10076
8480
10064
12083
12099
17656
14040
11949
16240
8509
10086
8113
13870
14266
12101
10100
12286
8141
10304
13752
8095
12273
11560
10386
9637
6483
7610
12053
7612
10518
7
7969
8796
10156
11556
11562
19625
16252
12241
10086
8239
18042
12047
2723
11791
14070
13902
4822
4133
12193
8165
10086
14074
16045
19621
6160
3959
12013
13922
9960
4149
16197
3965
2164
6690
10064
12089
10070
14060
10703
8658
11901
11715
8685
10655
12073
12063
14281
6114
8101
9637
12283
10206
8139
2855
14238
12063
10214
18192
10052
8111
14259
4195
14012
12301
6130
16302
6372
3991
10206
4721
11887
13936
15929
8389
13627
11955
12111
12043
14108
18128
8720
17986
4247
6524
6170
3977
8079
16029
19615
15683
13766
8183
3991
8687
7642
12275
2254
12241
16213
10304
8069
8683
10092
6168
21612
8704
6190
6120
10102
6688
9922
5988
6087
9892
9966
2004
10098
10361
14218
8299
12338
5978
10673
5673
6803
9637
8313
8097
14234
15622
14296
10160
6144
10088
9637
6146
10044
4215
13898
10649
8283
8115
12095
10092
10182
12079
14329
12283
10096
12071
1992
9918
10655
14280
4541
8529
4173
12284
12085
15877
15855
6096
6096
10082
7636
8103
15745
10073
10705
10793
9643
9639
13629
12059
14278
9966
7969
6743
8119
9952
17758
18262
11913
8139
16269
6114
12163
14255
6084
5980
14353
12075
4730
6170
11791
2751
16027
11735
7946
11508
13962
11985
15426
13627
8176
9834
8031
18148
9765
8589
14111
11924
5551
13627
14159
5965
15707
12015
3966
9941
14143
7924
9931
13844
8404
13877
14016
10381
18130
13641
12098
15624
11797
11861
15622
7787
9443
17704
15522
10020
18116
11785
11857
4568
18069
9931
4703
1983
5957
7833
6080
15638
4278
11993
10576
5998
4412
21493
10584
15839
7968
11789
16161
14147
13541
6249
13858
11898
12148
5971
10030
14040
3968
5947
7944
15831
11851
19498
8560
12098
9929
5523
12118
14089
7934
5848
8398
15831
13824
14138
13737
9956
12045
12158
13976
16142
10070
8017
12527
8685
18116
11983
8133
11969
10026
17861
19530
18148
9830
5921
20105
15534
11760
10179
10042
9933
14522
6588
13735
14040
15935
13846
5529
6211
15797
18135
15872
9511
3956
6622
5569
12019
3958
11971
16072
11568
12071
18128
7997
15777
19785
19502
19496
7783
10084
13633
2172
4107
17968
6249
11953
14522
14036
9980
7940
6096
7944
5947
9832
13990
9911
12156
10008
16119
6140
8158
8236
10044
13539
12669
9994
11985
5949
10030
6476
13990
3596
2172
9941
11797
9459
12005
13940
10120
10101
3572
6092
19951
1975
13503
20175
11452
13978
6596
3962
7920
5569
16161
9485
9998
10016
15981
11979
12114
7965
12027
10058
8087
11835
10022
22102
15508
6072
4246
10018
9994
7906
9972
12027
10596
11882
3980
8583
10602
6614
6407
8125
6401
10072
11896
10373
8693
9856
20175
15542
6239
9992
2601
10020
7942
13737
11733
13966
13732
5973
13990
14153
14010
14156
13429
11857
13629
8266
10018
10058
14568
9917
11971
12370
7914
14113
7674
13507
9804
11894
16205
19492
12571
4077
8236
8019
10161
14214
8134
9509
5945
3932
17826
4143
8111
6094
16157
9994
13826
6088
5969
8166
8473
14089
12531
3950
8473
9866
5947
15878
16009
11912
604
3948
10586
6565
6401
10004
10590
7518
6594
9838
11771
12061
10020
8091
5939
9671
15985
9984
13889
10038
7968
20173
12176
13873
14111
6567
9659
8123
5935
4252
12039
15981
6243
12043
13848
9776
13966
7934
7918
7977
3976
7961
9962
17539
5840
9866
11733
9769
9752
4570
11896
7954
11975
15538
8019
2110
7981
13990
13643
12015
11630
13547
11750
13435
14522
10072
8023
17505
11815
8266
18110
5971
6596
7959
8069
18152
10004
8583
11993
9986
8605
11750
16049
5947
5973
15847
7490
15847
4091
10018
10062
17704
14012
9818
8075
12176
17535
19858
11835
15544
8398
8380
9531
5971
8111
1959
1599
13633
13986
17800
5943
8693
9778
3954
8047
13994
7997
10042
11993
9515
14058
2601
8585
8384
12013
2734
7803
15961
9455
5965
11849
5951
7518
11953
7821
10171
9931
11723
3981
8599
10048
10151
11510
11801
9792
13936
22170
10016
16157
9736
4568
9986
7524
14232
15560
13972
13431
10086
13838
8033
6565
7936
8045
12015
10552
4165
10014
16155
15965
10018
15981
17954
4099
3950
17970
5977
5493
12061
15803
14234
5929
13988
10044
3534
19823
5816
14145
10586
13734
16519
10048
11886
7809
16151
9974
16031
13950
3952
12171
14208
10116
17539
8033
5943
10179
1993
7548
8695
14010
6074
11973
13858
9521
6114
14164
9459
11965
13962
15971
14168
11764
12370
13964
15622
17533
5537
16156
12033
13768
8611
3596
3976
9519
6249
18069
5805
10554
6596
13990
15793
13984
13911
6700
3962
17968
13948
12168
9753
7940
10030
12043
12148
9952
6700
5927
14089
3554
16205
8557
10246
10179
8591
9996
16053
5949
11452
14111
8593
4252
6401
17869
12088
13537
11506
10181
15707
15933
7924
16189
11775
15821
9901
11955
15534
8065
14058
2257
5945
12150
15981
10034
11943
5927
10602
11916
12045
10062
15874
3946
10580
12168
11790
13629
14052
7995
4406
13732
6092
8075
18154
6596
3956
11965
4214
3990
12581
11544
21485
175
8206
11997
8593
13836
8061
12217
3950
9994
3990
15933
7534
10584
9860
2575
20107
13712
15500
8091
11514
15542
17788
11977
8685
7835
7999
11801
11636
17828
13990
16159
7809
13858
3954
14153
10161
6050
16153
7807
13525
21485
10030
2168
12023
9643
14143
16151
9923
9513
13780
13881
10004
12116
10074
9800
14111
11989
16153
9897
7462
8589
12067
13800
9917
11975
7835
9830
15795
11851
10161
12035
5945
8133
12083
6696
12158
6229
11740
5523
13737
14576
12013
15510
11845
11510
13968
7755
3954
11811
5531
15908
8023
18116
1969
12150
1957
9899
13990
9921
12092
6688
13968
8017
11949
9814
6022
7837
15965
13984
14058
11985
6136
11510
13641
9513
9832
13525
7518
6074
13808
5792
2601
10580
12013
12096
12164
13625
19488
6209
10151
8593
5840
16138
15833
16009
13842
11959
13846
6565
8037
15732
12152
9742
10602
7522
8226
12015
13950
10356
7944
7965
15973
15536
7924
7831
18116
6389
5968
1997
9752
12146
15975
13974
14162
12015
8184
11632
11969
10153
11438
8266
9515
8359
7488
9933
7490
8398
7877
3851
10672
14030
11434
11440
17505
18128
10121
7966
12113
11926
9927
4599
9671
7954
9784
6698
8007
8075
12039
7966
9956
9929
17501
10034
11829
9893
9804
5842
8023
14077
11835
6038
4570
13938
5973
3954
7944
12579
10534
7783
9595
6565
12531
5957
5947
16157
1996
1985
9515
10163
6088
12013
4731
12118
5947
6096
16072
7932
3993
16135
8069
11892
10181
10004
18178
4252
11861
6088
2601
9767
9818
11811
6269
13505
7837
15985
5927
17982
14010
10596
15866
8121
4404
10044
11847
11953
13909
17495
13563
11646
12057
11861
6567
7520
10155
6128
10121
14093
8184
5949
6563
13966
10042
19492
10580
10064
9994
13976
4568
17792
13858
11959
7772
5848
9874
13972
12237
12098
6179
14214
13848
12549
5551
8679
9515
6193
3979
12114
15500
12176
14034
10018
7968
9515
10020
7924
8089
9780
12525
4165
11989
15969
3976
14056
7961
16205
10163
3980
5955
9862
7798
12531
12160
2421
6409
8047
14160
15959
13757
11737
3976
9970
5964
7514
11977
13625
15945
12581
12669
9521
9517
13507
5943
12158
5848
15839
8619
11993
5834
15638
16142
9793
12013
14149
9988
8045
16131
9958
13850
16229
7957
6606
10044
9671
4627
9911
10197
11761
14215
12238
15679
13880
8429
6091
8284
18401
10018
8842
14364
12177
5804
13880
14412
8216
7968
12268
6217
10194
14396
10175
12182
14097
8657
14130
14269
10634
18383
13894
12351
15877
8054
12114
15875
2046
9696
9965
15775
10273
18369
8042
12110
4821
18322
12182
4956
4234
8208
4090
6333
15891
4531
12246
10829
6251
4665
21746
10837
16092
10219
8046
16414
14400
13794
6502
14111
12151
12401
8222
10283
14293
6219
8198
8197
16084
12104
19751
8813
12351
10182
5776
12371
14342
10185
2105
8651
16084
14077
14391
13990
8211
12298
12411
14229
16395
10323
8270
12780
8938
18369
12236
8386
12222
10279
18114
19783
18401
6087
8172
20358
15787
12013
10432
10295
10186
14775
6841
13988
14293
16188
14099
5782
6464
16050
18388
16125
9764
6207
6875
5822
12272
6209
12224
16325
11821
12324
18381
8250
12034
20038
19755
19749
2042
10337
13886
2425
4360
18221
6502
10208
14775
14289
10233
10191
6349
10195
8198
6089
14243
12162
12409
10261
16372
6393
8411
8489
10297
13792
12922
10247
12238
8200
10283
6729
14243
3849
2425
10194
8054
9712
12258
14193
10373
10354
3825
6345
20204
4226
13756
20428
11705
14231
6849
6213
8173
5822
16414
9738
10251
10269
16234
12232
12367
6220
12280
10311
8340
12088
10275
22355
15761
6325
4499
10271
10247
8159
10225
12280
10849
12135
6231
8836
10855
6867
6660
8378
6654
10325
12149
10626
8946
10109
20428
15795
6492
10245
2854
10273
10193
13990
3994
14219
1997
8224
14243
14406
14263
14409
13682
12110
13882
8519
10271
10311
14821
10170
12224
12623
10165
14366
7927
13760
6061
12147
16458
19745
12824
4330
8489
8272
10414
14467
8387
9762
8196
6183
18079
4396
8364
6347
16410
10247
14079
6341
6222
8419
8726
14342
12784
6201
8726
10119
8198
16131
16262
12165
857
6199
10839
6818
6654
10257
10843
7771
6847
10091
6030
12314
10273
8344
8190
9924
16238
10237
14142
10291
10219
20426
12429
14126
14364
6820
9912
8376
6188
4505
12292
16234
6496
12296
14101
4035
14219
10185
10169
8230
6227
6216
10215
17792
2097
10119
3994
10022
2013
4823
12149
10205
12228
15791
8272
2363
8234
14243
13896
12268
11883
13800
12003
13688
14775
10325
8276
17758
12068
8519
18363
8222
6849
6214
8322
18405
10257
8836
12246
10239
8858
12003
16302
8198
8224
16100
7743
16100
4344
10271
10315
9965
14265
6075
8328
12429
17788
20111
12088
15797
8651
8633
9784
6224
8364
4210
1852
13886
14239
18053
6196
8946
4037
6205
8300
14247
8250
10295
12246
9768
14311
2854
8838
8637
12266
2987
4060
16214
9708
8216
12102
8202
7771
12206
4078
10424
12182
3984
2236
8852
10301
10404
11763
8058
6049
14189
22423
10269
16410
1997
4821
10239
7777
14485
15813
14225
13684
10339
14091
8286
6818
8189
8298
12268
10805
4418
10267
16408
16218
10271
16234
18207
4352
6201
18223
8228
5746
12314
16056
14487
8180
14241
10297
3787
20076
2073
14398
10839
3997
16772
10301
12139
4066
16404
10227
16284
14203
6203
12424
14461
10369
17792
8286
8194
10432
4244
7801
8948
14263
6327
12226
14111
9774
6367
14417
9712
12218
14215
16224
14421
12017
12623
14217
15875
17786
5790
16409
12286
8027
8864
3849
6227
9772
6502
18322
6058
10807
6849
14243
16046
14237
14164
6953
6213
18221
14201
12421
10006
8193
10283
12296
12401
8207
6953
8178
14342
3807
16458
8810
10499
10432
8844
10249
16306
8200
11705
14364
8846
4505
6654
18122
12341
13790
11759
10434
7968
16186
10175
16442
6034
16074
10154
12208
15787
8318
14311
2510
8196
12403
16234
10287
12196
8178
10855
12169
12298
10315
16127
6197
10833
12421
12043
13882
14305
8248
4659
1997
6345
8328
18407
6849
6207
12218
4467
6241
12834
11797
21738
428
8459
12250
8846
14089
8314
12470
6201
10247
6241
16186
7787
10837
10113
2828
20360
5973
15753
8344
11767
15795
18041
12230
8938
4092
8252
8058
11889
18081
14243
16412
4066
14111
6205
14406
10414
6303
16406
4064
13778
21738
10283
2421
12276
9896
14396
16404
10176
9766
10037
14134
10257
12369
10327
6057
14364
12242
16406
10150
7715
8842
12320
14053
10170
12228
4092
6087
16048
12104
10414
12288
8196
8386
12336
6949
12411
6482
11993
5776
13990
14829
12266
15763
12098
11763
14221
16
6205
8068
5784
16161
8276
18369
4220
12403
4208
10152
14243
10174
12345
6941
14221
8270
10204
6071
6275
4094
16218
14237
14311
12238
6389
11763
13894
9766
6089
13778
7771
6327
14061
51
2854
10833
12266
12349
12417
13878
19741
6462
10404
8846
2097
16391
16086
16262
14095
12212
14099
6818
8290
15985
12405
5
10855
7775
8479
12268
14203
10609
8197
6220
16226
15789
10175
4088
18369
6642
4223
4248
2013
12399
16228
14227
14415
12268
8437
11885
12222
10406
11691
8519
9768
8612
7741
10186
7743
8651
8130
108
10925
14283
11687
11693
17758
18381
10374
8219
12366
14177
10180
4852
9924
10205
4043
6951
8260
8328
12292
8219
8211
12180
17754
10287
12082
10146
6061
2099
8276
14330
12088
6291
4823
14191
8224
6205
10195
12832
10787
2042
9848
6818
12784
8208
8198
16410
251
4236
9768
10416
6341
12266
4984
12371
8198
6349
16325
8185
2248
16388
8322
12145
10434
10257
18431
4505
12114
6341
2854
10020
6075
8068
6522
13758
4094
16238
8178
18235
14263
10849
16119
8374
4657
10297
12100
12206
14162
17748
13816
11899
12310
12114
6820
7773
10408
6381
10374
14346
8437
6202
6816
14219
10295
19745
10833
10317
10247
14229
4821
18045
14111
12212
8025
2105
10127
14225
12490
12351
6432
14467
14101
12802
5804
8932
9768
6446
2234
12367
15753
12429
14287
10271
8221
9768
10273
8177
8342
4039
12778
4418
12242
16222
6227
14309
6216
16458
10416
6231
8206
10115
8051
12784
12413
2674
6662
8300
14413
16212
14010
2000
4229
10223
4219
7767
12230
13878
16198
12834
12922
9774
9770
13760
8194
12411
2105
16092
8872
12246
2091
15891
16395
10046
12266
14402
10241
8298
16384
10211
14103
16482
6212
6859
10297
9924
4880
12162
11554
14008
12031
15472
13673
8222
9880
8077
18194
9811
8635
14157
11970
5597
13673
14205
6011
15753
12061
2014
9987
14189
7970
9977
13890
8450
13923
14062
10427
18176
13687
12144
15670
11843
11907
15668
7833
9489
17750
15568
10066
18162
11831
11903
4614
18115
9977
4749
2029
4005
7879
6126
15684
4324
12039
10622
6044
4458
21539
10630
15885
8014
11835
16207
14193
13587
6295
13904
11944
12194
6017
10076
14086
4014
1997
7990
15877
11897
19544
8606
12144
9975
5569
12164
14135
7980
5894
8444
15877
13870
14184
13783
10002
12091
12204
14022
16188
10116
8063
12573
8731
18162
12029
8179
12015
10072
17907
19576
18194
9876
5967
20151
15580
11806
10225
10088
9979
14568
6634
13781
14086
15981
13892
5575
6257
15843
18181
15918
9557
4002
6668
5615
12065
4004
12017
16118
11614
12117
18174
8043
15823
19831
19548
19542
7829
10130
13679
2218
4153
18014
6295
11999
14568
14082
10026
7986
6142
3994
5993
9878
14036
9957
12202
10054
16165
6186
8204
8282
10090
13585
12715
10040
12031
1
10076
6522
14036
3642
2218
9987
11843
9505
12051
13986
10166
10147
3618
6138
19997
2021
13549
20221
11498
14024
6642
2010
7966
5615
16207
9531
10044
10062
16027
12025
12160
8011
12073
10104
8133
11881
10068
22148
15554
6118
4292
10064
10040
7952
10018
12073
10642
11928
4026
8629
10648
6660
6453
8171
6447
10118
11942
10419
8739
9902
20221
15588
6285
10038
2647
10066
7988
13783
11779
14012
13778
6019
14036
14199
14056
14202
13475
11903
13675
8312
10064
10104
14614
9963
12017
12416
7960
14159
7720
13553
9850
11940
16251
19538
12617
4123
8282
8065
10207
14260
8180
9555
5991
3978
17872
4189
8157
6140
16203
10040
13872
6134
6015
8212
8519
14135
12577
3996
8519
9912
5993
15924
16055
11958
650
3994
10632
6611
6447
10050
10636
7564
6640
9884
11817
12107
10066
8137
5985
9717
16031
10030
13935
10084
8014
20219
12222
13919
14157
6613
9705
8169
5981
4298
12085
16027
6289
12089
13894
9822
14012
7980
7964
8023
4022
8007
10008
17585
5886
9912
11779
9815
9798
4616
11942
6002
12021
15584
8065
2156
8027
14036
13689
12061
11676
13593
11796
13481
14568
10118
8069
17551
11861
8312
18156
6017
6642
8005
8115
18198
10050
8629
12039
10032
8651
11796
16095
5993
6019
15893
7536
15893
4137
10064
10108
17750
14058
9864
8121
12222
17581
19904
11881
15590
8444
8426
9577
6017
8157
2005
1645
13679
14032
17846
5989
8739
9824
4000
8093
14040
8043
10088
12039
9561
14104
2647
8631
8430
12059
2780
7849
16007
9501
6011
11895
2001
7564
11999
7867
10217
9977
11769
4027
8645
10094
10197
11556
11847
9838
13982
22216
10062
16203
9782
4614
10032
7570
14278
15606
14018
13477
10132
13884
8079
6611
7982
8091
12061
10598
4211
10060
16201
16011
10064
16027
18000
4145
3996
18016
6023
5539
12107
15849
14280
5975
14034
10090
3580
19869
5862
14191
10632
13780
16565
10094
11932
7855
16197
10020
16077
13996
3998
12217
14254
10162
17585
8079
5989
10225
2039
7594
8741
14056
6120
12019
13904
9567
6160
14210
9505
12011
14008
16017
14214
11810
12416
14010
15668
17579
5583
16202
12079
13814
8657
3642
4022
9565
6295
18115
5851
10600
6642
14036
15839
14030
13957
6746
2010
18014
13994
12214
9799
7986
10076
12089
12194
9998
6746
5973
14135
3600
16251
8603
10292
10225
8637
10042
16099
5995
11498
14157
8639
4298
6447
17915
12134
13583
11552
10227
15753
15979
7970
16235
11821
15867
9947
12001
15580
8111
14104
2303
5991
12196
16027
10080
11989
5973
10648
11962
12091
10108
15920
3992
10626
12214
11836
13675
14098
8041
4452
13778
6138
8121
18200
6642
4002
12011
4260
4036
12627
11590
21531
221
8252
12043
8639
13882
8107
12263
3996
10040
4036
15979
7580
10630
9906
2621
20153
13758
15546
8137
11560
15588
17834
12023
8731
7881
8045
11847
11682
17874
14036
16205
7855
13904
4000
14199
10207
6096
16199
7853
13571
21531
10076
2214
12069
9689
14189
16197
9969
9559
13826
13927
10050
12162
10120
9846
14157
12035
16199
9943
7508
8635
12113
13846
9963
12021
7881
9876
15841
11897
10207
12081
5991
8179
12129
6742
12204
6275
11786
5569
13783
14622
12059
15556
11891
11556
14014
7801
4
11857
5577
15954
8069
18162
17
12196
2003
9945
14036
9967
12138
6734
14014
8063
11995
9860
6068
7883
16011
14030
14104
12031
6182
11556
13687
9559
9878
13571
7564
6120
13854
5838
2647
10626
12059
12142
12210
13671
19534
6255
10197
8639
5886
16184
15879
16055
13888
12005
13892
6611
8083
15778
12198
9788
10648
7568
8272
12061
13996
10402
7990
8011
16019
15582
7970
7877
18162
6435
6014
2043
9798
12192
16021
14020
14208
12061
8230
11678
12015
10199
11484
8312
9561
8405
7534
9979
7536
8444
7923
3897
10718
14076
11480
11486
17551
18174
10167
8012
12159
11972
9973
4645
9717
6002
9830
6744
8053
8121
12085
8012
10002
9975
17547
10080
11875
9939
9850
5888
8069
14123
11881
6084
4616
13984
6019
4000
3994
12625
10580
7829
9641
6611
12577
4005
5993
16203
2042
2031
9561
10209
6134
12059
4777
12164
5993
6142
16118
7978
4039
16181
8115
11938
10227
10050
18224
4298
11907
6134
2647
9813
9864
11857
6315
13551
7883
16031
5973
18028
14056
10642
15912
8167
4450
10090
11893
11999
13955
17541
13609
11692
12103
11907
6613
7566
10201
6174
10167
14139
8230
5995
6609
14012
10088
19538
10626
10110
10040
14022
4614
17838
13904
12005
7818
5894
9920
14018
12283
12144
6225
14260
13894
12595
5597
8725
9561
6239
4025
12160
15546
12222
14080
10064
8014
9561
10066
7970
8135
9826
12571
4211
12035
16015
4022
14102
8007
16251
10209
4026
6001
9908
7844
12577
12206
2467
6455
8093
14206
16005
13803
11783
4022
10016
6010
7560
12023
13671
15991
12627
12715
9567
9563
13553
5989
12204
5894
15885
8665
12039
5880
15684
16188
9839
12059
14195
10034
8091
16177
10004
13896
16275
8003
6652
10090
9717
4673
9957
12444
10467
13908
14107
8656
12312
6513
16630
10245
7071
14591
12404
2035
14107
14639
10441
18185
10497
8442
10421
14623
12400
14407
12326
8884
14357
12498
10861
16612
14121
12578
16104
14275
10343
16102
10265
7925
20182
16002
8502
16598
14263
10339
5048
18549
14407
3185
6459
10433
10311
8558
16118
4758
10475
9058
4480
4892
21973
9066
14321
12444
14267
14643
14627
14021
6729
12340
12378
12628
10447
12508
12522
8444
10423
8424
14313
10333
19978
9040
12578
10409
4005
12598
14569
12410
8326
8878
14313
12306
12620
14217
12434
10527
12638
12458
16622
8552
6499
11009
7167
16598
10465
6615
10451
8508
18341
20010
16630
12308
10397
18587
16014
12240
10659
12520
10413
13004
5070
14215
12522
14417
12328
15
6691
14279
18615
16352
7993
8432
5104
4051
10501
8434
10453
16552
12048
10553
16610
6479
18255
18267
19982
19976
10261
8566
14113
4650
6585
16450
6729
14431
13004
12518
8462
12416
8574
12420
10423
12310
12472
14387
12636
8490
14601
4622
8638
8716
8526
14019
11151
8476
10467
10425
8512
4958
12472
2078
4650
10421
14275
7941
10487
12422
8602
10581
2054
4574
18433
6451
11985
18657
9934
12460
5078
8438
8400
4051
14643
7967
8480
8498
14463
10461
12594
10443
10509
8540
6569
10317
12500
20584
15988
4554
4726
8500
8476
8386
8454
10509
9078
12362
8456
7065
9084
5096
6887
6607
6881
12550
12376
10853
7175
8338
18657
16022
6719
8474
3081
8502
12418
14217
14211
12448
16210
10449
12472
14633
16488
12638
11911
10339
14109
8746
8500
8540
13050
10397
10453
12850
12390
14593
8154
11989
12282
12374
14687
19972
11053
6555
8716
6501
10641
12696
8614
7991
10421
8408
16308
2625
6593
8572
14639
8476
12308
8566
6449
8646
6955
14569
11013
8426
6955
8348
10423
16358
14491
12392
1084
8424
9068
7045
6881
8486
9072
2004
5076
8320
14249
10543
8502
10569
10415
10151
14467
8466
14369
8520
12444
18655
12656
14353
14591
7047
10139
6605
6415
4732
10521
14463
6723
10525
12330
12254
12448
12410
12394
6459
8452
10439
8444
18019
8318
8348
14211
10249
12230
5050
12376
12430
10457
16018
6501
4588
6463
12472
14123
10497
12110
14027
12230
11917
13004
12550
6505
17985
10297
8746
16592
10447
5078
10437
6551
16634
8486
7065
10475
8468
7087
12230
14531
10423
10449
14329
5972
14329
6569
8500
8544
20182
12494
12296
10553
12656
18015
20338
10317
16024
8878
8860
8013
6451
6593
6435
81
14113
12468
16282
6423
7175
12256
8430
6529
12476
6479
12520
10475
7997
12540
3081
7067
8864
10495
1216
10281
14443
7937
10441
10331
10427
6000
10435
10299
10651
14407
14201
6459
7081
8530
10631
9992
14279
12270
12418
20652
8498
14639
12214
5048
8468
2010
12714
16040
12454
11913
8568
12320
10511
7045
8416
10523
10497
9034
6643
8496
14637
14447
8500
14463
16436
6577
8426
16452
10453
3975
10543
14285
12716
10405
12470
8526
2016
18305
8294
14625
9068
16212
15001
8530
12366
10287
14633
8456
14513
12432
8428
10653
12690
8598
18019
6515
10419
10659
6469
6030
7177
16488
8552
10455
12340
4007
4596
12646
7941
10447
12444
14453
12650
12244
12850
12446
16102
18013
2021
16636
10515
16246
7093
2078
8452
6003
6729
18549
6285
9036
5078
12472
14275
12466
14391
5182
8438
16450
12430
12648
10233
8420
12508
10525
12628
12430
5182
10403
14569
38
14687
7039
8728
10659
7073
8478
14535
10425
9934
14591
7075
4732
6881
18349
12568
14017
9988
10661
18185
14415
12400
14671
14253
14303
10381
10437
16014
6547
12540
2737
10421
12630
14463
8516
10425
10403
9084
12396
10527
8544
16354
8422
9062
12648
12270
14109
12534
6477
4886
16210
4574
6557
16636
5078
8432
10447
4694
8466
11063
12024
21965
2653
8686
10479
7075
12318
6543
10699
8426
8476
8466
14415
6016
9066
8342
3055
18589
16190
13982
6573
7998
16022
16270
10459
7167
10313
6481
14279
12116
16310
12472
14641
10287
12340
8430
14633
10641
8528
14635
10285
14005
21965
8512
4646
10505
10123
14623
14633
10403
3999
16258
14361
8486
12596
8556
12278
14591
10471
14635
10377
5944
7071
10549
12282
10397
10457
10313
12308
14277
10333
10641
10517
10421
6615
10565
5178
12638
6709
12220
4005
14217
13058
10495
15990
10327
7994
12450
10233
8430
14289
4013
16388
6505
16598
6445
12630
6433
10379
12472
10401
12572
5170
12450
6499
14427
12292
4504
10315
14447
12466
12540
10467
4618
5996
14121
3
12310
14005
6000
8552
12290
8270
3081
9062
14491
12576
12644
14105
19968
6689
10631
7075
8318
16618
14315
14491
12324
10441
12328
7045
6519
16212
12632
12220
9084
4006
8706
10497
12432
8838
8424
10443
14455
16016
12400
10309
16598
6869
8446
6473
12230
12626
14457
12456
12644
10497
8664
12112
10451
10633
9920
8746
4001
6841
5970
10413
5972
8878
6359
6329
9154
12512
9916
9922
17985
16610
10601
8446
10595
16402
10407
3081
10151
12430
12262
5180
6489
10553
10521
8446
12434
14405
17981
8516
10311
10373
12282
8320
6505
14557
10317
4520
5050
12420
10449
8430
12420
11061
9016
10261
10075
7045
11013
10433
10423
14639
4474
6461
5999
10643
8566
10495
3213
12598
10423
8574
16552
8412
6471
14617
6551
12372
10661
8486
16660
4732
10343
8566
3081
10247
12296
14289
6749
1997
10315
14467
10403
16464
16488
9078
16346
6603
4884
8526
10329
10435
14389
17975
14043
12126
10539
10343
7047
8
10635
4610
10601
14573
8664
6429
7043
12448
8524
19972
9062
8546
8476
12458
5048
16274
12340
10441
8252
8326
8356
12454
10719
12578
6659
12696
12330
11031
4033
7161
7997
6673
6457
12594
13982
12656
12516
8500
8448
4001
8502
8404
6571
12258
11007
6643
10471
14451
8452
12538
10439
14687
10643
8456
10431
8344
8278
11013
12640
2901
6889
6529
12642
14441
14237
14215
4456
8452
8442
5996
10459
14105
14427
11063
11151
8003
6001
9991
10419
12638
8326
14321
7101
10475
8312
16118
16622
10273
10495
14629
8470
10523
14613
8440
12332
14711
10435
5088
8526
10151
3109
14387
6015
15450
15649
10198
13854
4059
16174
11787
6615
16133
13946
5575
15649
16181
11983
19727
8043
9984
11963
16165
13942
15949
9872
10426
15899
10044
12403
16156
15663
14120
17646
15817
7889
17644
11807
9467
21724
17544
6048
16142
15805
7885
6590
20091
15949
2729
8001
11975
11853
10100
17660
6300
8021
8602
2026
6434
23515
8610
11867
13986
15809
14187
16169
15563
8271
9886
13920
14170
11989
14050
10068
9986
11965
9966
11859
7879
21520
10582
14120
11951
5547
14140
16111
13952
9868
10420
11859
9852
12164
15759
13976
8073
14180
8006
18164
6098
2047
10553
6711
16142
6013
4161
7997
6054
19883
21552
16174
13850
11939
18131
17556
13782
12201
14062
11955
12548
4614
15757
10068
7967
9874
5553
8233
11825
20157
17894
9535
9974
4648
5593
8047
9976
4003
18094
13590
8099
16154
2027
19797
15813
21524
21518
11803
6112
15655
6192
8127
13996
8271
15973
12548
10064
4010
13958
10116
13962
11965
13852
10018
15929
14178
6036
14145
2168
10180
10258
6072
15561
10695
4024
6015
11967
6058
4502
10018
3620
6192
11963
15817
9483
8033
5972
6148
12123
3596
2120
15979
7993
13527
18201
11476
10006
4622
9980
9942
5593
14187
9509
6026
6044
12009
6009
14136
11985
8055
6086
4115
7863
14042
20128
17530
2100
6268
6046
4024
9928
6000
8055
8622
13904
9998
6609
8628
4640
8429
4153
8423
14092
13918
12395
6719
5884
18201
17564
8261
4022
4623
6048
13960
15759
15753
9994
17752
11991
10018
16175
18030
12182
13453
7885
15651
10288
6046
6086
12594
11939
4003
14392
13932
16135
9696
13531
13824
13916
14231
21514
10597
8097
10258
2049
12183
12240
10156
9533
11963
9950
13854
171
4139
10114
14183
4024
9854
10108
7991
10188
6499
16111
10557
9968
6499
5894
11965
17900
12037
13934
2626
9966
8612
8587
8423
6032
8616
7542
4620
5866
15791
8089
6048
12111
11957
11693
12013
4014
15911
6066
13986
18199
14198
15895
16133
8589
11681
4151
7957
6274
8067
12009
8265
8071
9876
13796
7996
13952
13936
4005
9994
11981
5990
19561
9860
5894
15753
11791
13772
6592
13918
13972
8003
17560
2049
6130
13
10018
15665
8043
13652
15569
13772
13459
12548
14092
4051
19527
7843
10288
16136
11989
4622
11979
4097
16178
6032
6609
8021
6014
6631
13772
12077
11965
11991
11875
7514
11875
8111
6046
6090
21724
10040
13838
12095
14198
19557
21880
7863
17566
10420
10402
9555
7993
4139
7977
1623
15655
10014
13828
7965
6719
13798
9972
4075
10022
2027
14062
8021
9539
10086
4623
6611
10406
8041
760
11823
9991
9479
11983
7877
11969
7542
7981
11841
12193
15949
15743
8001
6625
6076
12173
11534
15821
13812
5968
20196
6044
14183
13756
6590
4016
7548
12258
17582
10000
13455
6114
9866
12053
8587
9958
12065
8043
8578
8185
4044
14181
9995
6046
12009
13982
8119
9968
13998
11995
5517
8089
11831
12260
11947
10016
6072
3558
15851
9836
16167
8612
17754
14545
6076
13908
11829
14177
2006
12059
9978
9970
10197
12234
6144
19561
4061
11961
12201
8011
7572
6721
18030
10094
6003
9886
9545
2142
12190
9483
1
3996
11999
12194
13786
14392
7994
17644
19555
5561
18178
8061
17788
6637
3620
9994
9543
8271
20091
7827
8580
4622
10018
11821
10012
15933
4726
9980
13996
9976
14190
11775
9962
14050
8071
14170
13972
4726
11945
16111
3578
14231
6583
8272
12201
6617
4026
12081
11967
11476
16133
6619
6274
8423
19891
14110
15559
11530
12203
19727
7965
13942
14215
15795
11849
11923
3987
17556
4093
10086
4279
11963
14172
12009
6062
3975
11945
8628
13938
8073
6090
17896
9964
8606
14190
13812
15651
10080
4023
6428
17752
2120
4103
16180
4622
9974
1999
6236
10008
10607
13566
23507
4195
10228
8025
6619
9864
4089
10243
9968
4024
10008
7965
7558
8610
5888
4597
18133
17732
15524
4119
11538
17564
13816
8005
6711
11855
2029
15821
13658
13856
10018
14185
11829
9886
9972
16175
12183
10070
14179
11827
15547
23507
6058
6188
8051
11665
16165
14177
11945
9537
17800
15903
6032
14138
6102
13820
16133
8017
14179
11919
7486
6615
8095
9828
11939
6005
11855
13850
11823
7879
12183
8063
11963
4161
8111
4722
14180
8251
13762
5547
15759
12602
8041
17532
7873
11534
7998
11775
9972
15831
5555
17930
4051
16142
7987
14172
7975
11921
10018
11943
14114
4714
7998
4045
15969
13834
52
11857
9995
10012
10086
6015
2164
11534
15663
9537
13852
15547
7542
10094
9836
9812
4623
8606
16033
14118
14186
15647
21510
8231
12173
6619
9860
18160
11861
12037
9870
7987
9874
8587
4065
17754
14174
13762
8628
7546
10248
8043
5982
8382
9966
11985
12001
17558
13942
11851
16142
8411
9988
8015
13772
14168
12003
10002
12188
8043
10206
13654
5999
12175
11462
10288
9539
6385
7512
11955
7514
10420
3905
7871
8698
10058
11458
11464
19527
16154
12143
9988
8141
17944
11949
2625
11693
13972
13804
4724
4035
12095
8067
9988
13976
15947
19523
6062
7857
11915
13824
9862
4051
16099
7863
2066
6592
5970
11991
9972
13962
10605
8560
11803
11617
8587
10557
11975
11965
14183
6016
8003
9539
12185
10108
8041
2757
14140
11965
10116
18094
9954
8013
14161
4097
13914
12203
6032
16204
6274
7889
10108
4623
11789
13838
15831
8291
13529
11857
12013
11945
14010
18030
8622
17888
4149
6426
6072
7875
3985
15931
19517
15585
13668
8085
7889
8589
7544
12177
2156
12143
16115
10206
7971
8585
7996
6070
21514
8606
6092
4024
8006
6590
13820
9886
7987
9794
9868
5902
8002
10263
14120
8201
12240
9876
10575
5575
6705
9539
8215
7999
14136
15524
14198
10062
6046
9990
9539
6048
9946
4117
13800
10551
8185
6019
11997
9994
10084
11981
14231
12185
9998
11973
5890
9820
10557
14182
4443
8431
4075
12186
11987
15779
15757
5998
4
9984
7538
6007
15647
11973
10607
10695
9545
9541
13531
11961
14180
9868
11867
6645
8021
9854
17660
18164
11815
8041
16171
4018
12065
14157
1990
9878
14255
11977
4632
6072
11693
2653
15929
15429
15628
10177
13833
4038
16153
11766
6594
16112
13925
5554
15628
16160
11962
19706
8022
9963
11942
16144
13921
15928
9851
10405
15878
10023
12382
16135
15642
14099
17625
15796
7868
17623
11786
9446
21703
17523
6027
16121
15784
7864
6569
20070
15928
2708
7980
11954
11832
10079
17639
6279
8000
8581
2005
6413
23494
8589
11846
13965
15788
14166
16148
15542
8250
9865
