584892008
908547518
959933079
810160477
455245148
508396273
873247556
797405001
612156080
607126361
459016665
642871003
361746278
242139049
328019528
327542094
474398401
962563385
959860760
595831248
149047442
8203400
707729188
143120937
383525996
880628455
122761112
350452668
155175164
162660912
568528862
132986358
940149313
306775289
730230856
397026867
916789197
51993152
94361026
503927001
271192212
917459846
704578373
489535379
893508633
526500660
764635469
215096381
496007486
32690529
119798996
800472560
136400314
622765161
488889759
650452679
124604903
400515625
148141184
948302227
457751426
303295988
170727374
485879445
480288322
997362542
759623117
436447927
306488289
647531425
903488197
442661558
83814623
435390005
61624907
191853646
404130085
619347010
342604744
651948250
348651032
728535184
104447532
688077736
500526460
933901689
128215752
727406517
711317538
58730075
433270291
887545949
224095465
251297898
131449657
204331916
80775048
32324284
966608975
243045101
134372404
293666643
930566976
312389378
418340334
444219533
217167598
986570955
430068024
205881093
393790569
809068015
49790132
869836033
367939804
254467354
876213327
346579548
989345150
468523193
280678835
444413626
274982233
766526670
368794902
7061307
230617862
365283579
255155255
934476113
143759630
385499507
143736434
941288149
343300223
180501914
910080024
24273250
408867893
883965187
262727417
892621576
826216622
278006202
957296820
564755794
515410732
345808614
797372195
310139005
602159231
288226405
662494189
109898290
27015134
840090665
413286092
860977764
688746383
623129732
249580667
239121636
409965229
335701651
234595078
797262028
531123690
304040907
312360776
247332575
200089922
170583259
905473703
52447663
474759910
812705046
90496926
817494563
362898828
478458154
704270671
818715141
104957099
436919343
307896392
105891900
780282013
674363550
608692179
579354701
833249084
308855354
358189125
571619848
98951739
429944620
595821552
575037140
692261853
564634552
530023946
616080120
90023763
983911633
32690037
15983861
860987276
153196227
123123630
934634338
727513817
585296647
836803393
856822082
349677833
982362687
236706652
405144461
128620814
148214999
202562408
742173339
851560136
299935911
644830140
399377076
922293278
766448374
78055523
392002681
249888864
180130414
601407461
985401818
253108326
260358100
697579995
426397805
462780858
580157337
185535453
634793536
286489296
41073596
69544003
976679005
335425417
640597354
116042850
765114013
840205730
824052298
582012892
378435487
941727714
816649141
176384107
96389113
507519406
558180579
31386067
442379002
4525464
918778822
138250763
679936169
635896613
41095638
63243296
625223163
193808124
527986628
995549464
532096415
363472109
564307177
407483324
582469583
800144475
466
108783916
643219639
616550056
145560938
309663278
73770616
18273776
192085789
415477175
192103191
17512179
732929229
689565542
962012106
292914103
623164857
731898112
988946579
563499001
794886019
563746445
975853774
656117902
393601611
633320968
279586927
928132040
437908315
912049949
460927451
316965008
245218993
497323668
127841364
60278247
649815824
237834762
165324913
131156660
992358148
125327074
888979689
374913079
185047430
581994301
538685310
764950920
517094149
240703019
472003321
696869588
456155926
529482733
634685262
462421923
311097997
274544598
772642830
157142936
43795746
491405891
502089601
648737301
334843154
296892003
143051182
143206848
533242300
270022365
901665290
991537489
729874878
433315225
592628037
458521319
819028750
396536593
158143690
885842774
926535066
756958228
427460922
825950367
401547246
436589925
94258593
655340762
130966934
484577541
548979371
55299338
613228798
674876850
892373975
911101014
207070514
897950512
725575557
101081075
745778486
534293579
204774314
686072873
87439582
366595143
679182842
133225847
161066875
512633177
929314711
291587270
86715419
331147669
685373516
320715996
878966754
389663917
556019651
760098393
662290480
203032536
251014241
468948283
333071827
80769882
273272220
815317345
583752462
334762228
703644729
702810853
93899522
628168393
194724018
992441848
834107080
607496227
181125466
507260637
268431773
473980122
828106866
42
531657607
791308759
754007627
693680827
640346280
243304917
97982350
189092442
566515007
372077511
975457576
365408369
854054121
274395560
650182624
958606256
864329730
37105915
51934136
992946842
745973246
800656397
618935015
140726578
375778176
913269010
314023755
992855884
66627430
692486297
589401546
762511418
716740930
582008875
713715742
362449139
627746358
585455238
853342354
522582013
81287764
878307816
154930523
441672154
219163585
275471575
997743704
937157577
522441702
937389436
182183237
162600719
84126403
127969426
169549240
658094190
852195658
329355623
42822318
583611535
227173653
330099848
233814137
698897916
202679108
306561550
728385191
879660001
915253063
512781104
593224233
339007592
771858423
556410787
603255309
40147080
56499870
672821361
224999493
959684689
72566072
341051721
414672631
708643574
193511174
752384477
79093769
466806149
762450398
397480181
194890248
718180332
539211383
53272524
996679348
874629597
118233757
614888401
952781822
891598674
45561867
439044861
30
273626025
174638195
172961397
914941342
573073415
966764221
271385628
87214978
471307686
375678630
41272835
879359950
719360732
62393465
684507321
147042430
818718666
473520982
269456931
903406234
983624156
422671468
352425881
792907881
84848558
652699049
506693938
202526442
844518177
156835661
488098547
602410633
91950431
775600391
883295559
1576845
80582722
531585256
327599958
726288928
166094039
709975266
164243430
797952815
132133524
545661659
900369984
666034665
381756819
957995896
123062697
67726365
190222809
33205416
812830294
357249836
538714748
202071623
994439075
341514677
272083673
662968572
329365626
917966218
772973754
155758330
330638440
829103865
301466000
567822483
659030374
765031720
886447939
232586281
761222848
879058612
258655228
98694976
900281439
995228134
981973449
319787883
789194990
911857129
531652066
229566651
393390343
152786819
616240428
925558811
688416911
379247484
676832592
787464719
272681271
454316404
387077847
737960164
816273322
260251068
34328308
557593758
43678935
407670174
631675915
524569702
920896961
66952697
247510938
622291878
228948221
537183578
961910798
546077195
338105430
79271657
118432212
189625628
442251705
218107869
638023233
925896769
22436791
936419040
659363452
283368367
113737137
926322739
103306718
253216361
250935899
241722584
491535548
108758215
986245060
27149437
647253462
16081429
243942492
550693905
585755374
313301700
136783585
372139270
583470569
182683295
775613464
173195095
344436314
213399286
323164465
411001458
933377520
513215641
866874158
632548515
551950703
337837225
548109033
340672874
210079473
690319288
921205273
781243763
810297608
713561894
17048934
191230153
732043334
180241484
732074781
415370244
897343520
946409786
306954680
732367812
150053477
228582414
381011230
351570612
559131524
94130698
848639236
30079462
309756890
323287
291170369
623184742
747479643
469459665
348223513
686759518
9509769
527143895
830743394
962250195
364597472
966563018
301840422
988628925
905656660
510450015
990928430
599297108
378163143
382716390
5389037
813216814
839330628
875349938
663340573
50027752
584566026
408326595
451209206
908919615
484739281
976960767
803894952
430820647
595776177
163642983
996676715
593903539
205614626
503296489
319667361
408703013
238234425
670569747
630485039
331563282
395021628
358932041
690905548
281220443
576489099
496909332
772986212
180980701
411575858
898149145
322961812
258782694
983419151
276290871
445984769
36056945
815500317
628985073
656296006
548531749
212941815
609596849
61271606
435311296
286893119
758602803
623502000
832181943
264966981
271447824
174172621
556680799
953400611
391511109
124048183
693022795
960869682
501156279
609443192
259782677
871381591
657560371
203978883
498309239
513933774
374832299
155262043
791887691
582006364
179078532
478403399
582837997
706802080
97952590
883725218
500326883
64671135
814454537
890581912
207843171
370056080
912195968
604642850
390078135
178005224
807806496
441336625
646991104
644800991
701796607
411021808
196765345
337275020
12378003
264922071
484184620
178209349
551203378
162857089
696723900
614804803
342811131
253699839
118106348
770714734
280612598
773872499
435711451
858331639
16703371
963628716
281551740
259794231
497970313
46462924
378035068
457854967
105565543
993250818
276698997
505455155
698153072
201235330
2946687
205369122
245367242
984215795
15792086
183586714
306876116
105533335
865906452
477795500
592555952
849589084
987313804
889726480
97890184
903611509
406698892
665044779
793390210
797884749
814170731
578026310
130044465
548016404
507695102
957770525
83279187
942880448
357979182
555484755
264742711
494101372
449313444
306528316
295020716
849485919
221414986
414993971
299515064
492150051
812211589
212965060
733668183
493080540
445590267
726294072
682646488
457053345
335400468
544841781
115032063
591376267
256479829
59346498
385887735
621072932
643857353
535277661
183679689
51889730
740288804
481684685
514935429
676599122
689605869
655718621
687107946
700419128
878116487
718098183
135745953
20798569
743966068
998075146
999259160
78667174
958439309
709351768
101631717
831485784
149065757
989877226
331795620
744494188
217543720
852513644
413382850
220294561
495863118
944909408
854927355
92079275
646343452
853993629
360894263
768076228
121467671
633233041
493976178
838694176
240444203
606787516
422771061
54338549
644987401
538953650
918808232
91497312
330194463
257730348
487582500
302068066
652761185
449402919
310926748
846639568
334022914
320362799
256890860
809103524
905260234
972844606
712941283
813300720
69209110
626010340
271912769
403229777
479845625
253055360
855375613
327930703
705323029
282798887
389633057
921701480
435604942
334913098
167408749
