997062848
980292198
981473207
97568
51368
964942015
996092226
933580543
965585608
854968717
984106220
965202552
959662699
871683653
867725044
764541606
929447362
941483442
857012326
827584538
997351138
996565077
995719258
996928934
870013334
815555280
831724946
990317012
872589039
876766966
988682268
927495178
949017971
996908873
929934865
671218075
638786658
933937663
954328262
988438491
954069246
964482772
898213351
994147407
791460870
998366222
999256757
980279252
150964
895292907
810933887
748198439
832794470
1034
951324063
900178059
943977748
48522
987064976
681648210
984537229
92848316
757453251
588802392
788936114
994562291
974952333
992896383
269416797
976615254
976907104
997254948
994077584
509094411
744786248
893163242
921209284
539083317
97838136
687538711
700544883
877656464
339214306
495138220
911376845
810905498
851242525
237405714
883837178
996994201
948856697
766744276
771600469
962900670
920523581
357288326
977525909
872971790
798593805
410783240
601490152
930986380
873497017
996492211
489391960
981646708
161568038
792202784
995100324
684777463
81926
950487349
267949538
298619250
236081433
631596787
38315203
676149380
771947922
963493204
911814694
28836653
496957979
901429625
991213692
597618019
216470747
990455339
409382529
517749999
273873481
978949731
122512694
776521073
949813046
707651433
171465118
999765459
689568709
88761071
898669603
148452722
997267093
931197989
734071192
117158351
786078336
637097649
744423394
759869323
920840249
62178811
309146431
988781408
995866464
970298853
655504132
814850797
988744515
949634430
351854315
801352405
855111139
22312421
169057070
323809061
203807257
910400347
931403569
755389720
543439996
997166469
413343775
883896071
151231182
568024009
959078876
575532729
692041618
789411842
999882393
275166166
626381648
499072580
546588592
933671628
83195521
630878884
59982552
331078646
967330127
576864374
425961600
808774290
773660381
655170656
994580390
984826115
987937462
998274560
376994169
278936659
558354920
840165300
841850495
987529644
985074263
18852650
307713436
856128865
719951112
775269875
376028265
940427611
990082654
959946808
547462569
334171049
994225112
964842979
690036750
976816877
373463616
988631351
185855497
852172226
938354239
778070148
929767871
999402858
938732270
146420319
294963464
994016536
293644765
997505629
999996427
40026336
976277914
593312039
31728159
387591399
295635019
273776710
700486139
679903625
999145182
6684256
976116330
139952759
222523069
668781142
419519075
508431177
97464
524721282
505197292
969087670
868537885
905977780
936451066
