31402444
31402444
31402444
31402444
31402444
31402444
31402444
31402444
31402444
31402444
31303120
31402444
31402444
31402444
31402444
31402444
31402444
31402444
31402444
31402444
31402444
31402444
31402444
31402444
31402444
31402444
31402444
-1
31402444
31402444
30827509
31402444
31127877
31402444
31402444
31402444
31402444
31402444
31402444
31402444
31402444
31402444
31402444
-1
31402444
31402444
31402444
-1
31402444
31402444
31402444
31402444
31127877
31402444
-1
31385211
31402444
31402444
31402444
31402444
31402444
31402444
31402444
31402444
31402444
31402444
31402444
31402444
31402444
31402444
31402444
31402444
31402444
31402444
31402444
31402444
31402444
31402444
31402444
31402444
31402444
31402444
31402444
31402444
31402444
31402444
31402444
31402444
31402444
31402444
31402444
31402444
31402444
31402444
-1
31402444
31402444
31402444
31402444
31402444
31402444
30643483
31402444
31402444
31402444
31402444
31402444
31402444
31402444
-1
31402444
31402444
31402444
31402444
31402444
31402444
31127877
31402444
31402444
31402444
31402444
31385211
31402444
31402444
31402444
31402444
31402444
30880202
31402444
31402444
31402444
31402444
31402444
31402444
31402444
31402444
31402444
-1
31402444
31385211
31402444
31402444
31402444
-1
31402444
31402444
31402444
-1
31402444
31402444
31402444
31402444
31402444
31402444
31402444
31402444
31402444
31402444
31402444
31402444
31385211
31402444
31402444
-1
31402444
31402444
31402444
31402444
31402444
31402444
31402444
31402444
31402444
31402444
31402444
31402444
31402444
31402444
31402444
31402444
31402444
31402444
-1
31402444
-1
-1
31402444
31402444
-1
-1
31402444
31402444
31402444
31402444
31402444
31402444
31402444
31402444
-1
31402444
31402444
31402444
31402444
31402444
31402444
31402444
31402444
31402444
-1
-1
31402444
31402444
-1
31402444
31402444
31402444
31402444
31402444
31402444
31402444
31402444
31402444
30667730
31402444
31402444
31402444
31402444
31127877
31402444
31402444
31402444
31402444
31402444
31402444
31402444
31402444
31402444
31402444
31402444
31402444
31402444
31402444
31402444
31402444
31402444
31402444
31402444
31402444
31402444
31402444
31402444
31402444
31402444
31402444
31402444
31402444
-1
31402444
30571101
31402444
31024633
31402444
31402444
31402444
31402444
31402444
31029087
31402444
31402444
31054938
31402444
31402444
31402444
31402444
-1
31402444
-1
-1
31402444
-1
31402444
31402444
31402444
31402444
31402444
31402444
31385211
31402444
31402444
31402444
31402444
-1
31402444
31402444
31402444
31402444
31402444
31402444
31402444
31402444
31402444
31402444
31402444
31402444
31064547
31402444
-1
31402444
30880202
31402444
31402444
31402444
31402444
31402444
31402444
31402444
31402444
31402444
31402444
31402444
31402444
31402444
31402444
31402444
31402444
31402444
31402444
31402444
31402444
31402444
31402444
30667730
31385211
31402444
31402444
31402444
31402444
31402444
30769382
31402444
31402444
31402444
31402444
-1
-1
31402444
31402444
31402444
30880202
-1
31402444
31402444
31402444
31402444
31402444
31402444
31402444
31402444
31402444
31402444
31402444
31402444
31402444
31402444
31402444
31402444
31402444
31402444
31402444
31402444
-1
31402444
31402444
31402444
31402444
31402444
-1
31402444
31402444
31402444
31402444
31402444
-1
31402444
-1
31402444
31402444
31402444
31402444
31385211
31402444
31402444
31402444
31385211
31402444
31402444
31402444
31402444
31402444
31402444
31402444
30515489
31402444
30667730
-1
31402444
31402444
31402444
31402444
31402444
31402444
31402444
31402444
31402444
31402444
-1
31402444
31402444
31402444
31402444
-1
31402444
31402444
31402444
31402444
31402444
-1
31402444
31402444
31402444
31402444
31402444
31402444
31402444
31402444
31402444
31385211
31402444
31402444
31402444
31402444
31402444
-1
31402444
31402444
31402444
31402444
31402444
31402444
31402444
31402444
31402444
31402444
-1
31402444
31402444
31402444
31402444
31402444
31402444
31402444
31402444
30880202
31402444
31402444
-1
31402444
31402444
31402444
31402444
30880202
31402444
30667730
31402444
31402444
31402444
31402444
31402444
31402444
31402444
31402444
31402444
31402444
31402444
31402444
31402444
31402444
31402444
31402444
31402444
-1
31402444
31402444
31402444
31402444
31402444
31402444
31402444
31402444
31402444
31402444
31402444
31402444
31402444
31402444
31402444
31402444
-1
31402444
30341056
-1
-1
31402444
31402444
31402444
-1
31402444
31402444
31402444
-1
31402444
31402444
31402444
31402444
30880202
31402444
-1
31127877
31402444
31402444
31402444
31402444
31127877
31402444
31402444
-1
31402444
31402444
31402444
31402444
31402444
31402444
31402444
-1
31402444
31402444
31402444
31402444
31402444
31402444
31402444
31402444
31402444
31402444
31402444
31402444
31402444
31402444
-1
31402444
31402444
-1
31402444
31402444
-1
31402444
-1
31402444
31402444
31402444
31402444
31402444
31402444
31402444
31402444
31402444
31402444
31402444
31402444
-1
31402444
31402444
31402444
31402444
31402444
31402444
31402444
31402444
31402444
-1
31402444
31402444
31402444
31402444
31402444
31402444
31402444
31402444
31402444
31402444
31402444
-1
31402444
31402444
31402444
31402444
31402444
-1
31402444
31402444
31402444
-1
31402444
31402444
31402444
31402444
31402444
31402444
31402444
31402444
31402444
31402444
31402444
31402444
31402444
31402444
31402444
31402444
31402444
31402444
31402444
-1
31402444
31402444
31402444
31402444
31402444
31402444
31402444
31402444
31402444
31402444
31402444
31402444
31402444
30341056
-1
31402444
31402444
31402444
31402444
31402444
-1
31402444
31402444
31402444
31402444
31402444
31402444
31402444
31402444
31402444
31402444
31402444
31402444
-1
31402444
31402444
31402444
31402444
31402444
31402444
31402444
-1
31402444
31402444
31402444
31402444
31402444
-1
31402444
31402444
31402444
-1
31402444
31402444
31402444
31402444
31402444
31402444
31402444
-1
31402444
31402444
-1
31402444
31402444
31402444
31402444
31402444
31402444
31402444
31402444
31402444
31402444
31402444
31402444
31402444
31402444
31402444
31402444
31402444
30667730
31402444
31402444
31402444
31402444
30880202
31402444
31402444
31402444
31402444
31402444
31402444
31402444
-1
31402444
31402444
31402444
31402444
31402444
31402444
31402444
31402444
31402444
31402444
31402444
31402444
31402444
31402444
31402444
31402444
31402444
31402444
31402444
31402444
31402444
31402444
31385211
-1
31402444
31402444
31303120
30971706
31402444
31402444
31402444
31402444
31402444
31402444
31402444
31402444
31402444
31402444
31402444
31402444
31402444
31402444
31402444
31402444
31402444
31402444
31402444
30667730
31402444
31402444
31402444
31402444
31402444
31402444
31402444
31402444
31402444
-1
31402444
30207718
31402444
31402444
31402444
31402444
31402444
31402444
31402444
31402444
31402444
31402444
31402444
31402444
31402444
31402444
31402444
31402444
30880202
-1
31402444
31402444
31402444
-1
-1
31402444
31402444
31402444
31127877
-1
-1
31402444
-1
31402444
-1
31385211
31402444
31402444
31402444
31402444
31402444
30515489
31402444
31402444
31402444
31402444
31402444
31402444
31402444
31402444
31402444
31402444
31402444
31402444
31402444
31402444
31402444
-1
31402444
31402444
30827509
31402444
31402444
31402444
-1
31402444
31402444
31402444
31402444
-1
31402444
31402444
31402444
31402444
31402444
31402444
-1
31402444
31402444
31402444
31402444
-1
-1
31402444
31402444
31402444
31402444
31402444
30827509
31402444
31402444
31402444
31066731
31402444
31402444
31054938
31402444
31402444
31402444
31402444
31402444
31402444
31402444
-1
31402444
31402444
31402444
31402444
30880202
31402444
31402444
31402444
31402444
31402444
-1
31402444
31402444
-1
31402444
31402444
-1
31293585
31402444
31402444
31402444
31402444
31402444
31402444
-1
31402444
31402444
-1
31402444
31402444
31402444
31402444
31402444
31402444
31402444
31402444
31402444
31402444
31402444
-1
31385211
31402444
31402444
31402444
31402444
31402444
31402444
31402444
31402444
31402444
31402444
31402444
31402444
31402444
31402444
31402444
31402444
-1
31402444
31402444
31402444
31402444
-1
31402444
31402444
31402444
-1
31402444
-1
31402444
-1
-1
31402444
31402444
31402444
-1
31402444
31402444
31402444
30880202
31402444
31402444
31402444
31402444
-1
31402444
31402444
31402444
31402444
31402444
31402444
31402444
31402444
31402444
31402444
31402444
31402444
31402444
31402444
31402444
31402444
31402444
31402444
-1
-1
31402444
-1
31402444
31402444
31385211
31402444
31402444
